[2025-12-05 04:08:50] production.ERROR: htmlspecialchars(): Argument #1 ($string) must be of type string, array given {"view":{"view":"C:\\laragon\\www\\acureva\\platform\\plugins\\ecommerce\\resources\\views\\orders\\edit\\order-products.blade.php","data":{"errors":"<pre class=sf-dump id=sf-dump-670458735 data-indent-pad=\"  \"><span class=sf-dump-note>Illuminate\\Support\\ViewErrorBag</span> {<a class=sf-dump-ref>#3962</a><samp data-depth=1 class=sf-dump-expanded>
  #<span class=sf-dump-protected title=\"Protected property\">bags</span>: []
</samp>}
</pre><script>Sfdump(\"sf-dump-670458735\", {\"maxDepth\":3,\"maxStringLength\":160})</script>
","order":"<pre class=sf-dump id=sf-dump-308238741 data-indent-pad=\"  \"><span class=sf-dump-note>Botble\\Ecommerce\\Models\\Order</span> {<a class=sf-dump-ref>#3994</a><samp data-depth=1 class=sf-dump-expanded>
  #<span class=sf-dump-protected title=\"Protected property\">connection</span>: \"<span class=sf-dump-str title=\"5 characters\">mysql</span>\"
  #<span class=sf-dump-protected title=\"Protected property\">table</span>: \"<span class=sf-dump-str title=\"9 characters\">ec_orders</span>\"
  #<span class=sf-dump-protected title=\"Protected property\">primaryKey</span>: \"<span class=sf-dump-str title=\"2 characters\">id</span>\"
  #<span class=sf-dump-protected title=\"Protected property\">keyType</span>: \"<span class=sf-dump-str title=\"3 characters\">int</span>\"
  +<span class=sf-dump-public title=\"Public property\">incrementing</span>: <span class=sf-dump-const>true</span>
  #<span class=sf-dump-protected title=\"Protected property\">with</span>: []
  #<span class=sf-dump-protected title=\"Protected property\">withCount</span>: []
  +<span class=sf-dump-public title=\"Public property\">preventsLazyLoading</span>: <span class=sf-dump-const>false</span>
  #<span class=sf-dump-protected title=\"Protected property\">perPage</span>: <span class=sf-dump-num>15</span>
  +<span class=sf-dump-public title=\"Public property\">exists</span>: <span class=sf-dump-const>true</span>
  +<span class=sf-dump-public title=\"Public property\">wasRecentlyCreated</span>: <span class=sf-dump-const>false</span>
  #<span class=sf-dump-protected title=\"Protected property\">escapeWhenCastingToString</span>: <span class=sf-dump-const>false</span>
  #<span class=sf-dump-protected title=\"Protected property\">attributes</span>: <span class=sf-dump-note>array:26</span> [<samp data-depth=2 class=sf-dump-compact>
    \"<span class=sf-dump-key>id</span>\" => <span class=sf-dump-num>36</span>
    \"<span class=sf-dump-key>code</span>\" => \"<span class=sf-dump-str title=\"12 characters\">#SF-10000036</span>\"
    \"<span class=sf-dump-key>user_id</span>\" => <span class=sf-dump-num>11</span>
    \"<span class=sf-dump-key>shipping_option</span>\" => \"<span class=sf-dump-str>1</span>\"
    \"<span class=sf-dump-key>shipping_method</span>\" => \"<span class=sf-dump-str title=\"7 characters\">default</span>\"
    \"<span class=sf-dump-key>status</span>\" => <span class=\"sf-dump-note sf-dump-ellipsization\" title=\"Botble\\Ecommerce\\Enums\\OrderStatusEnum
\"><span class=\"sf-dump-ellipsis sf-dump-ellipsis-note\">Botble\\Ecommerce\\Enums</span><span class=\"sf-dump-ellipsis sf-dump-ellipsis-note\">\\</span><span class=\"sf-dump-ellipsis-tail\">OrderStatusEnum</span></span> {<a class=sf-dump-ref href=#sf-dump-308238741-ref24026 title=\"2 occurrences\">#4026</a><samp data-depth=3 id=sf-dump-308238741-ref24026 class=sf-dump-compact>
      #<span class=sf-dump-protected title=\"Protected property\">value</span>: \"<span class=sf-dump-str title=\"7 characters\">pending</span>\"
    </samp>}
    \"<span class=sf-dump-key>amount</span>\" => \"<span class=sf-dump-str title=\"6 characters\">168.70</span>\"
    \"<span class=sf-dump-key>tax_amount</span>\" => \"<span class=sf-dump-str title=\"4 characters\">0.00</span>\"
    \"<span class=sf-dump-key>shipping_amount</span>\" => \"<span class=sf-dump-str title=\"4 characters\">0.00</span>\"
    \"<span class=sf-dump-key>payment_fee</span>\" => \"<span class=sf-dump-str title=\"4 characters\">0.70</span>\"
    \"<span class=sf-dump-key>description</span>\" => <span class=sf-dump-const>null</span>
    \"<span class=sf-dump-key>coupon_code</span>\" => \"<span class=sf-dump-str title=\"12 characters\">IXYJ6HLNLHOO</span>\"
    \"<span class=sf-dump-key>discount_amount</span>\" => \"<span class=sf-dump-str title=\"5 characters\">72.00</span>\"
    \"<span class=sf-dump-key>sub_total</span>\" => \"<span class=sf-dump-str title=\"6 characters\">240.00</span>\"
    \"<span class=sf-dump-key>is_confirmed</span>\" => <span class=sf-dump-num>0</span>
    \"<span class=sf-dump-key>discount_description</span>\" => <span class=sf-dump-const>null</span>
    \"<span class=sf-dump-key>is_finished</span>\" => <span class=sf-dump-num>1</span>
    \"<span class=sf-dump-key>cancellation_reason</span>\" => <span class=sf-dump-const>null</span>
    \"<span class=sf-dump-key>cancellation_reason_description</span>\" => <span class=sf-dump-const>null</span>
    \"<span class=sf-dump-key>completed_at</span>\" => <span class=sf-dump-const>null</span>
    \"<span class=sf-dump-key>token</span>\" => \"<span class=sf-dump-str title=\"32 characters\">5fbbe0ad596afabc4b7f1a1e5df4d1fd</span>\"
    \"<span class=sf-dump-key>payment_id</span>\" => <span class=sf-dump-num>15</span>
    \"<span class=sf-dump-key>created_at</span>\" => \"<span class=sf-dump-str title=\"19 characters\">2025-11-28 02:58:44</span>\"
    \"<span class=sf-dump-key>updated_at</span>\" => \"<span class=sf-dump-str title=\"19 characters\">2025-11-28 03:01:24</span>\"
    \"<span class=sf-dump-key>proof_file</span>\" => <span class=sf-dump-const>null</span>
    \"<span class=sf-dump-key>private_notes</span>\" => <span class=sf-dump-const>null</span>
  </samp>]
  #<span class=sf-dump-protected title=\"Protected property\">original</span>: <span class=sf-dump-note>array:26</span> [<samp data-depth=2 class=sf-dump-compact>
    \"<span class=sf-dump-key>id</span>\" => <span class=sf-dump-num>36</span>
    \"<span class=sf-dump-key>code</span>\" => \"<span class=sf-dump-str title=\"12 characters\">#SF-10000036</span>\"
    \"<span class=sf-dump-key>user_id</span>\" => <span class=sf-dump-num>11</span>
    \"<span class=sf-dump-key>shipping_option</span>\" => \"<span class=sf-dump-str>1</span>\"
    \"<span class=sf-dump-key>shipping_method</span>\" => \"<span class=sf-dump-str title=\"7 characters\">default</span>\"
    \"<span class=sf-dump-key>status</span>\" => \"<span class=sf-dump-str title=\"7 characters\">pending</span>\"
    \"<span class=sf-dump-key>amount</span>\" => \"<span class=sf-dump-str title=\"6 characters\">168.70</span>\"
    \"<span class=sf-dump-key>tax_amount</span>\" => \"<span class=sf-dump-str title=\"4 characters\">0.00</span>\"
    \"<span class=sf-dump-key>shipping_amount</span>\" => \"<span class=sf-dump-str title=\"4 characters\">0.00</span>\"
    \"<span class=sf-dump-key>payment_fee</span>\" => \"<span class=sf-dump-str title=\"4 characters\">0.70</span>\"
    \"<span class=sf-dump-key>description</span>\" => <span class=sf-dump-const>null</span>
    \"<span class=sf-dump-key>coupon_code</span>\" => \"<span class=sf-dump-str title=\"12 characters\">IXYJ6HLNLHOO</span>\"
    \"<span class=sf-dump-key>discount_amount</span>\" => \"<span class=sf-dump-str title=\"5 characters\">72.00</span>\"
    \"<span class=sf-dump-key>sub_total</span>\" => \"<span class=sf-dump-str title=\"6 characters\">240.00</span>\"
    \"<span class=sf-dump-key>is_confirmed</span>\" => <span class=sf-dump-num>0</span>
    \"<span class=sf-dump-key>discount_description</span>\" => <span class=sf-dump-const>null</span>
    \"<span class=sf-dump-key>is_finished</span>\" => <span class=sf-dump-num>1</span>
    \"<span class=sf-dump-key>cancellation_reason</span>\" => <span class=sf-dump-const>null</span>
    \"<span class=sf-dump-key>cancellation_reason_description</span>\" => <span class=sf-dump-const>null</span>
    \"<span class=sf-dump-key>completed_at</span>\" => <span class=sf-dump-const>null</span>
    \"<span class=sf-dump-key>token</span>\" => \"<span class=sf-dump-str title=\"32 characters\">5fbbe0ad596afabc4b7f1a1e5df4d1fd</span>\"
    \"<span class=sf-dump-key>payment_id</span>\" => <span class=sf-dump-num>15</span>
    \"<span class=sf-dump-key>created_at</span>\" => \"<span class=sf-dump-str title=\"19 characters\">2025-11-28 02:58:44</span>\"
    \"<span class=sf-dump-key>updated_at</span>\" => \"<span class=sf-dump-str title=\"19 characters\">2025-11-28 03:01:24</span>\"
    \"<span class=sf-dump-key>proof_file</span>\" => <span class=sf-dump-const>null</span>
    \"<span class=sf-dump-key>private_notes</span>\" => <span class=sf-dump-const>null</span>
  </samp>]
  #<span class=sf-dump-protected title=\"Protected property\">changes</span>: []
  #<span class=sf-dump-protected title=\"Protected property\">previous</span>: []
  #<span class=sf-dump-protected title=\"Protected property\">casts</span>: <span class=sf-dump-note>array:3</span> [<samp data-depth=2 class=sf-dump-compact>
    \"<span class=sf-dump-key>status</span>\" => \"<span class=sf-dump-str title=\"38 characters\">Botble\\Ecommerce\\Enums\\OrderStatusEnum</span>\"
    \"<span class=sf-dump-key>shipping_method</span>\" => \"<span class=sf-dump-str title=\"41 characters\">Botble\\Ecommerce\\Enums\\ShippingMethodEnum</span>\"
    \"<span class=sf-dump-key>completed_at</span>\" => \"<span class=sf-dump-str title=\"8 characters\">datetime</span>\"
  </samp>]
  #<span class=sf-dump-protected title=\"Protected property\">classCastCache</span>: <span class=sf-dump-note>array:1</span> [<samp data-depth=2 class=sf-dump-compact>
    \"<span class=sf-dump-key>status</span>\" => <span class=\"sf-dump-note sf-dump-ellipsization\" title=\"Botble\\Ecommerce\\Enums\\OrderStatusEnum
\"><span class=\"sf-dump-ellipsis sf-dump-ellipsis-note\">Botble\\Ecommerce\\Enums</span><span class=\"sf-dump-ellipsis sf-dump-ellipsis-note\">\\</span><span class=\"sf-dump-ellipsis-tail\">OrderStatusEnum</span></span> {<a class=sf-dump-ref href=#sf-dump-308238741-ref24026 title=\"2 occurrences\">#4026</a>}
  </samp>]
  #<span class=sf-dump-protected title=\"Protected property\">attributeCastCache</span>: []
  #<span class=sf-dump-protected title=\"Protected property\">dateFormat</span>: <span class=sf-dump-const>null</span>
  #<span class=sf-dump-protected title=\"Protected property\">appends</span>: []
  #<span class=sf-dump-protected title=\"Protected property\">dispatchesEvents</span>: []
  #<span class=sf-dump-protected title=\"Protected property\">observables</span>: []
  #<span class=sf-dump-protected title=\"Protected property\">relations</span>: <span class=sf-dump-note>array:4</span> [<samp data-depth=2 class=sf-dump-compact>
    \"<span class=sf-dump-key>products</span>\" => <span class=\"sf-dump-note sf-dump-ellipsization\" title=\"Illuminate\\Database\\Eloquent\\Collection
\"><span class=\"sf-dump-ellipsis sf-dump-ellipsis-note\">Illuminate\\Database\\Eloquent</span><span class=\"sf-dump-ellipsis sf-dump-ellipsis-note\">\\</span><span class=\"sf-dump-ellipsis-tail\">Collection</span></span> {<a class=sf-dump-ref>#4046</a><samp data-depth=3 class=sf-dump-compact>
      #<span class=sf-dump-protected title=\"Protected property\">items</span>: <span class=sf-dump-note>array:2</span> [ &#8230;2]
      #<span class=sf-dump-protected title=\"Protected property\">escapeWhenCastingToString</span>: <span class=sf-dump-const>false</span>
    </samp>}
    \"<span class=sf-dump-key>user</span>\" => <span class=\"sf-dump-note sf-dump-ellipsization\" title=\"Botble\\Ecommerce\\Models\\Customer
\"><span class=\"sf-dump-ellipsis sf-dump-ellipsis-note\">Botble\\Ecommerce\\Models</span><span class=\"sf-dump-ellipsis sf-dump-ellipsis-note\">\\</span><span class=\"sf-dump-ellipsis-tail\">Customer</span></span> {<a class=sf-dump-ref>#4054</a><samp data-depth=3 class=sf-dump-compact>
      #<span class=sf-dump-protected title=\"Protected property\">connection</span>: \"<span class=sf-dump-str title=\"5 characters\">mysql</span>\"
      #<span class=sf-dump-protected title=\"Protected property\">table</span>: \"<span class=sf-dump-str title=\"12 characters\">ec_customers</span>\"
      #<span class=sf-dump-protected title=\"Protected property\">primaryKey</span>: \"<span class=sf-dump-str title=\"2 characters\">id</span>\"
      #<span class=sf-dump-protected title=\"Protected property\">keyType</span>: \"<span class=sf-dump-str title=\"3 characters\">int</span>\"
      +<span class=sf-dump-public title=\"Public property\">incrementing</span>: <span class=sf-dump-const>true</span>
      #<span class=sf-dump-protected title=\"Protected property\">with</span>: []
      #<span class=sf-dump-protected title=\"Protected property\">withCount</span>: []
      +<span class=sf-dump-public title=\"Public property\">preventsLazyLoading</span>: <span class=sf-dump-const>false</span>
      #<span class=sf-dump-protected title=\"Protected property\">perPage</span>: <span class=sf-dump-num>15</span>
      +<span class=sf-dump-public title=\"Public property\">exists</span>: <span class=sf-dump-const>true</span>
      +<span class=sf-dump-public title=\"Public property\">wasRecentlyCreated</span>: <span class=sf-dump-const>false</span>
      #<span class=sf-dump-protected title=\"Protected property\">escapeWhenCastingToString</span>: <span class=sf-dump-const>false</span>
      #<span class=sf-dump-protected title=\"Protected property\">attributes</span>: <span class=sf-dump-note>array:14</span> [ &#8230;14]
      #<span class=sf-dump-protected title=\"Protected property\">original</span>: <span class=sf-dump-note>array:14</span> [ &#8230;14]
      #<span class=sf-dump-protected title=\"Protected property\">changes</span>: []
      #<span class=sf-dump-protected title=\"Protected property\">previous</span>: []
      #<span class=sf-dump-protected title=\"Protected property\">casts</span>: <span class=sf-dump-note>array:3</span> [ &#8230;3]
      #<span class=sf-dump-protected title=\"Protected property\">classCastCache</span>: []
      #<span class=sf-dump-protected title=\"Protected property\">attributeCastCache</span>: []
      #<span class=sf-dump-protected title=\"Protected property\">dateFormat</span>: <span class=sf-dump-const>null</span>
      #<span class=sf-dump-protected title=\"Protected property\">appends</span>: []
      #<span class=sf-dump-protected title=\"Protected property\">dispatchesEvents</span>: []
      #<span class=sf-dump-protected title=\"Protected property\">observables</span>: []
      #<span class=sf-dump-protected title=\"Protected property\">relations</span>: []
      #<span class=sf-dump-protected title=\"Protected property\">touches</span>: []
      #<span class=sf-dump-protected title=\"Protected property\">relationAutoloadCallback</span>: <span class=sf-dump-const>null</span>
      #<span class=sf-dump-protected title=\"Protected property\">relationAutoloadContext</span>: <span class=sf-dump-const>null</span>
      +<span class=sf-dump-public title=\"Public property\">timestamps</span>: <span class=sf-dump-const>true</span>
      +<span class=sf-dump-public title=\"Public property\">usesUniqueIds</span>: <span class=sf-dump-const>false</span>
      #<span class=sf-dump-protected title=\"Protected property\">hidden</span>: <span class=sf-dump-note>array:2</span> [ &#8230;2]
      #<span class=sf-dump-protected title=\"Protected property\">visible</span>: []
      #<span class=sf-dump-protected title=\"Protected property\">fillable</span>: <span class=sf-dump-note>array:7</span> [ &#8230;7]
      #<span class=sf-dump-protected title=\"Protected property\">guarded</span>: <span class=sf-dump-note>array:1</span> [ &#8230;1]
      #<span class=sf-dump-protected title=\"Protected property\">authPasswordName</span>: \"<span class=sf-dump-str title=\"8 characters\">password</span>\"
      #<span class=sf-dump-protected title=\"Protected property\">rememberTokenName</span>: \"<span class=sf-dump-str title=\"14 characters\">remember_token</span>\"
      #<span class=sf-dump-protected title=\"Protected property\">accessToken</span>: <span class=sf-dump-const>null</span>
    </samp>}
    \"<span class=sf-dump-key>shippingAddress</span>\" => <span class=\"sf-dump-note sf-dump-ellipsization\" title=\"Botble\\Ecommerce\\Models\\OrderAddress
\"><span class=\"sf-dump-ellipsis sf-dump-ellipsis-note\">Botble\\Ecommerce\\Models</span><span class=\"sf-dump-ellipsis sf-dump-ellipsis-note\">\\</span><span class=\"sf-dump-ellipsis-tail\">OrderAddress</span></span> {<a class=sf-dump-ref>#4071</a><samp data-depth=3 class=sf-dump-compact>
      #<span class=sf-dump-protected title=\"Protected property\">connection</span>: \"<span class=sf-dump-str title=\"5 characters\">mysql</span>\"
      #<span class=sf-dump-protected title=\"Protected property\">table</span>: \"<span class=sf-dump-str title=\"18 characters\">ec_order_addresses</span>\"
      #<span class=sf-dump-protected title=\"Protected property\">primaryKey</span>: \"<span class=sf-dump-str title=\"2 characters\">id</span>\"
      #<span class=sf-dump-protected title=\"Protected property\">keyType</span>: \"<span class=sf-dump-str title=\"3 characters\">int</span>\"
      +<span class=sf-dump-public title=\"Public property\">incrementing</span>: <span class=sf-dump-const>true</span>
      #<span class=sf-dump-protected title=\"Protected property\">with</span>: []
      #<span class=sf-dump-protected title=\"Protected property\">withCount</span>: []
      +<span class=sf-dump-public title=\"Public property\">preventsLazyLoading</span>: <span class=sf-dump-const>false</span>
      #<span class=sf-dump-protected title=\"Protected property\">perPage</span>: <span class=sf-dump-num>15</span>
      +<span class=sf-dump-public title=\"Public property\">exists</span>: <span class=sf-dump-const>true</span>
      +<span class=sf-dump-public title=\"Public property\">wasRecentlyCreated</span>: <span class=sf-dump-const>false</span>
      #<span class=sf-dump-protected title=\"Protected property\">escapeWhenCastingToString</span>: <span class=sf-dump-const>false</span>
      #<span class=sf-dump-protected title=\"Protected property\">attributes</span>: <span class=sf-dump-note>array:11</span> [ &#8230;11]
      #<span class=sf-dump-protected title=\"Protected property\">original</span>: <span class=sf-dump-note>array:11</span> [ &#8230;11]
      #<span class=sf-dump-protected title=\"Protected property\">changes</span>: []
      #<span class=sf-dump-protected title=\"Protected property\">previous</span>: []
      #<span class=sf-dump-protected title=\"Protected property\">casts</span>: <span class=sf-dump-note>array:1</span> [ &#8230;1]
      #<span class=sf-dump-protected title=\"Protected property\">classCastCache</span>: []
      #<span class=sf-dump-protected title=\"Protected property\">attributeCastCache</span>: []
      #<span class=sf-dump-protected title=\"Protected property\">dateFormat</span>: <span class=sf-dump-const>null</span>
      #<span class=sf-dump-protected title=\"Protected property\">appends</span>: []
      #<span class=sf-dump-protected title=\"Protected property\">dispatchesEvents</span>: []
      #<span class=sf-dump-protected title=\"Protected property\">observables</span>: []
      #<span class=sf-dump-protected title=\"Protected property\">relations</span>: []
      #<span class=sf-dump-protected title=\"Protected property\">touches</span>: []
      #<span class=sf-dump-protected title=\"Protected property\">relationAutoloadCallback</span>: <span class=sf-dump-const>null</span>
      #<span class=sf-dump-protected title=\"Protected property\">relationAutoloadContext</span>: <span class=sf-dump-const>null</span>
      +<span class=sf-dump-public title=\"Public property\">timestamps</span>: <span class=sf-dump-const>false</span>
      +<span class=sf-dump-public title=\"Public property\">usesUniqueIds</span>: <span class=sf-dump-const>false</span>
      #<span class=sf-dump-protected title=\"Protected property\">hidden</span>: []
      #<span class=sf-dump-protected title=\"Protected property\">visible</span>: []
      #<span class=sf-dump-protected title=\"Protected property\">fillable</span>: <span class=sf-dump-note>array:10</span> [ &#8230;10]
      #<span class=sf-dump-protected title=\"Protected property\">guarded</span>: <span class=sf-dump-note>array:1</span> [ &#8230;1]
    </samp>}
    \"<span class=sf-dump-key>taxInformation</span>\" => <span class=sf-dump-const>null</span>
  </samp>]
  #<span class=sf-dump-protected title=\"Protected property\">touches</span>: []
  #<span class=sf-dump-protected title=\"Protected property\">relationAutoloadCallback</span>: <span class=sf-dump-const>null</span>
  #<span class=sf-dump-protected title=\"Protected property\">relationAutoloadContext</span>: <span class=sf-dump-const>null</span>
  +<span class=sf-dump-public title=\"Public property\">timestamps</span>: <span class=sf-dump-const>true</span>
  +<span class=sf-dump-public title=\"Public property\">usesUniqueIds</span>: <span class=sf-dump-const>false</span>
  #<span class=sf-dump-protected title=\"Protected property\">hidden</span>: []
  #<span class=sf-dump-protected title=\"Protected property\">visible</span>: []
  #<span class=sf-dump-protected title=\"Protected property\">fillable</span>: <span class=sf-dump-note>array:21</span> [<samp data-depth=2 class=sf-dump-compact>
    <span class=sf-dump-index>0</span> => \"<span class=sf-dump-str title=\"6 characters\">status</span>\"
    <span class=sf-dump-index>1</span> => \"<span class=sf-dump-str title=\"7 characters\">user_id</span>\"
    <span class=sf-dump-index>2</span> => \"<span class=sf-dump-str title=\"6 characters\">amount</span>\"
    <span class=sf-dump-index>3</span> => \"<span class=sf-dump-str title=\"10 characters\">tax_amount</span>\"
    <span class=sf-dump-index>4</span> => \"<span class=sf-dump-str title=\"15 characters\">shipping_method</span>\"
    <span class=sf-dump-index>5</span> => \"<span class=sf-dump-str title=\"15 characters\">shipping_option</span>\"
    <span class=sf-dump-index>6</span> => \"<span class=sf-dump-str title=\"15 characters\">shipping_amount</span>\"
    <span class=sf-dump-index>7</span> => \"<span class=sf-dump-str title=\"11 characters\">payment_fee</span>\"
    <span class=sf-dump-index>8</span> => \"<span class=sf-dump-str title=\"11 characters\">description</span>\"
    <span class=sf-dump-index>9</span> => \"<span class=sf-dump-str title=\"11 characters\">coupon_code</span>\"
    <span class=sf-dump-index>10</span> => \"<span class=sf-dump-str title=\"15 characters\">discount_amount</span>\"
    <span class=sf-dump-index>11</span> => \"<span class=sf-dump-str title=\"9 characters\">sub_total</span>\"
    <span class=sf-dump-index>12</span> => \"<span class=sf-dump-str title=\"12 characters\">is_confirmed</span>\"
    <span class=sf-dump-index>13</span> => \"<span class=sf-dump-str title=\"20 characters\">discount_description</span>\"
    <span class=sf-dump-index>14</span> => \"<span class=sf-dump-str title=\"11 characters\">is_finished</span>\"
    <span class=sf-dump-index>15</span> => \"<span class=sf-dump-str title=\"19 characters\">cancellation_reason</span>\"
    <span class=sf-dump-index>16</span> => \"<span class=sf-dump-str title=\"31 characters\">cancellation_reason_description</span>\"
    <span class=sf-dump-index>17</span> => \"<span class=sf-dump-str title=\"5 characters\">token</span>\"
    <span class=sf-dump-index>18</span> => \"<span class=sf-dump-str title=\"12 characters\">completed_at</span>\"
    <span class=sf-dump-index>19</span> => \"<span class=sf-dump-str title=\"10 characters\">proof_file</span>\"
    <span class=sf-dump-index>20</span> => \"<span class=sf-dump-str title=\"13 characters\">private_notes</span>\"
  </samp>]
  #<span class=sf-dump-protected title=\"Protected property\">guarded</span>: <span class=sf-dump-note>array:1</span> [<samp data-depth=2 class=sf-dump-compact>
    <span class=sf-dump-index>0</span> => \"<span class=sf-dump-str>*</span>\"
  </samp>]
</samp>}
</pre><script>Sfdump(\"sf-dump-308238741\", {\"maxDepth\":3,\"maxStringLength\":160})</script>
","weight":"<pre class=sf-dump id=sf-dump-434499451 data-indent-pad=\"  \"><span class=sf-dump-num>0.01</span>
</pre><script>Sfdump(\"sf-dump-434499451\", {\"maxDepth\":3,\"maxStringLength\":160})</script>
","defaultStore":"<pre class=sf-dump id=sf-dump-1452430407 data-indent-pad=\"  \"><span class=sf-dump-note>Botble\\Ecommerce\\Models\\StoreLocator</span> {<a class=sf-dump-ref>#3527</a><samp data-depth=1 class=sf-dump-expanded>
  #<span class=sf-dump-protected title=\"Protected property\">connection</span>: \"<span class=sf-dump-str title=\"5 characters\">mysql</span>\"
  #<span class=sf-dump-protected title=\"Protected property\">table</span>: \"<span class=sf-dump-str title=\"17 characters\">ec_store_locators</span>\"
  #<span class=sf-dump-protected title=\"Protected property\">primaryKey</span>: \"<span class=sf-dump-str title=\"2 characters\">id</span>\"
  #<span class=sf-dump-protected title=\"Protected property\">keyType</span>: \"<span class=sf-dump-str title=\"3 characters\">int</span>\"
  +<span class=sf-dump-public title=\"Public property\">incrementing</span>: <span class=sf-dump-const>true</span>
  #<span class=sf-dump-protected title=\"Protected property\">with</span>: []
  #<span class=sf-dump-protected title=\"Protected property\">withCount</span>: []
  +<span class=sf-dump-public title=\"Public property\">preventsLazyLoading</span>: <span class=sf-dump-const>false</span>
  #<span class=sf-dump-protected title=\"Protected property\">perPage</span>: <span class=sf-dump-num>15</span>
  +<span class=sf-dump-public title=\"Public property\">exists</span>: <span class=sf-dump-const>true</span>
  +<span class=sf-dump-public title=\"Public property\">wasRecentlyCreated</span>: <span class=sf-dump-const>false</span>
  #<span class=sf-dump-protected title=\"Protected property\">escapeWhenCastingToString</span>: <span class=sf-dump-const>false</span>
  #<span class=sf-dump-protected title=\"Protected property\">attributes</span>: <span class=sf-dump-note>array:13</span> [<samp data-depth=2 class=sf-dump-compact>
    \"<span class=sf-dump-key>id</span>\" => <span class=sf-dump-num>1</span>
    \"<span class=sf-dump-key>name</span>\" => \"<span class=sf-dump-str title=\"8 characters\">Shopwise</span>\"
    \"<span class=sf-dump-key>email</span>\" => \"<span class=sf-dump-str title=\"16 characters\">sales@botble.com</span>\"
    \"<span class=sf-dump-key>phone</span>\" => \"<span class=sf-dump-str title=\"12 characters\">123-456-7890</span>\"
    \"<span class=sf-dump-key>address</span>\" => \"<span class=sf-dump-str title=\"24 characters\">123 Street, Old Trafford</span>\"
    \"<span class=sf-dump-key>country</span>\" => \"<span class=sf-dump-str title=\"2 characters\">US</span>\"
    \"<span class=sf-dump-key>state</span>\" => \"<span class=sf-dump-str title=\"8 characters\">New York</span>\"
    \"<span class=sf-dump-key>city</span>\" => \"<span class=sf-dump-str title=\"8 characters\">New York</span>\"
    \"<span class=sf-dump-key>is_primary</span>\" => <span class=sf-dump-num>1</span>
    \"<span class=sf-dump-key>is_shipping_location</span>\" => <span class=sf-dump-num>1</span>
    \"<span class=sf-dump-key>created_at</span>\" => \"<span class=sf-dump-str title=\"19 characters\">2025-08-02 09:14:17</span>\"
    \"<span class=sf-dump-key>updated_at</span>\" => \"<span class=sf-dump-str title=\"19 characters\">2025-08-02 09:14:17</span>\"
    \"<span class=sf-dump-key>zip_code</span>\" => <span class=sf-dump-const>null</span>
  </samp>]
  #<span class=sf-dump-protected title=\"Protected property\">original</span>: <span class=sf-dump-note>array:13</span> [<samp data-depth=2 class=sf-dump-compact>
    \"<span class=sf-dump-key>id</span>\" => <span class=sf-dump-num>1</span>
    \"<span class=sf-dump-key>name</span>\" => \"<span class=sf-dump-str title=\"8 characters\">Shopwise</span>\"
    \"<span class=sf-dump-key>email</span>\" => \"<span class=sf-dump-str title=\"16 characters\">sales@botble.com</span>\"
    \"<span class=sf-dump-key>phone</span>\" => \"<span class=sf-dump-str title=\"12 characters\">123-456-7890</span>\"
    \"<span class=sf-dump-key>address</span>\" => \"<span class=sf-dump-str title=\"24 characters\">123 Street, Old Trafford</span>\"
    \"<span class=sf-dump-key>country</span>\" => \"<span class=sf-dump-str title=\"2 characters\">US</span>\"
    \"<span class=sf-dump-key>state</span>\" => \"<span class=sf-dump-str title=\"8 characters\">New York</span>\"
    \"<span class=sf-dump-key>city</span>\" => \"<span class=sf-dump-str title=\"8 characters\">New York</span>\"
    \"<span class=sf-dump-key>is_primary</span>\" => <span class=sf-dump-num>1</span>
    \"<span class=sf-dump-key>is_shipping_location</span>\" => <span class=sf-dump-num>1</span>
    \"<span class=sf-dump-key>created_at</span>\" => \"<span class=sf-dump-str title=\"19 characters\">2025-08-02 09:14:17</span>\"
    \"<span class=sf-dump-key>updated_at</span>\" => \"<span class=sf-dump-str title=\"19 characters\">2025-08-02 09:14:17</span>\"
    \"<span class=sf-dump-key>zip_code</span>\" => <span class=sf-dump-const>null</span>
  </samp>]
  #<span class=sf-dump-protected title=\"Protected property\">changes</span>: []
  #<span class=sf-dump-protected title=\"Protected property\">previous</span>: []
  #<span class=sf-dump-protected title=\"Protected property\">casts</span>: []
  #<span class=sf-dump-protected title=\"Protected property\">classCastCache</span>: []
  #<span class=sf-dump-protected title=\"Protected property\">attributeCastCache</span>: []
  #<span class=sf-dump-protected title=\"Protected property\">dateFormat</span>: <span class=sf-dump-const>null</span>
  #<span class=sf-dump-protected title=\"Protected property\">appends</span>: []
  #<span class=sf-dump-protected title=\"Protected property\">dispatchesEvents</span>: []
  #<span class=sf-dump-protected title=\"Protected property\">observables</span>: []
  #<span class=sf-dump-protected title=\"Protected property\">relations</span>: []
  #<span class=sf-dump-protected title=\"Protected property\">touches</span>: []
  #<span class=sf-dump-protected title=\"Protected property\">relationAutoloadCallback</span>: <span class=sf-dump-const>null</span>
  #<span class=sf-dump-protected title=\"Protected property\">relationAutoloadContext</span>: <span class=sf-dump-const>null</span>
  +<span class=sf-dump-public title=\"Public property\">timestamps</span>: <span class=sf-dump-const>true</span>
  +<span class=sf-dump-public title=\"Public property\">usesUniqueIds</span>: <span class=sf-dump-const>false</span>
  #<span class=sf-dump-protected title=\"Protected property\">hidden</span>: []
  #<span class=sf-dump-protected title=\"Protected property\">visible</span>: []
  #<span class=sf-dump-protected title=\"Protected property\">fillable</span>: <span class=sf-dump-note>array:10</span> [<samp data-depth=2 class=sf-dump-compact>
    <span class=sf-dump-index>0</span> => \"<span class=sf-dump-str title=\"4 characters\">name</span>\"
    <span class=sf-dump-index>1</span> => \"<span class=sf-dump-str title=\"5 characters\">email</span>\"
    <span class=sf-dump-index>2</span> => \"<span class=sf-dump-str title=\"5 characters\">phone</span>\"
    <span class=sf-dump-index>3</span> => \"<span class=sf-dump-str title=\"7 characters\">address</span>\"
    <span class=sf-dump-index>4</span> => \"<span class=sf-dump-str title=\"7 characters\">country</span>\"
    <span class=sf-dump-index>5</span> => \"<span class=sf-dump-str title=\"5 characters\">state</span>\"
    <span class=sf-dump-index>6</span> => \"<span class=sf-dump-str title=\"4 characters\">city</span>\"
    <span class=sf-dump-index>7</span> => \"<span class=sf-dump-str title=\"8 characters\">zip_code</span>\"
    <span class=sf-dump-index>8</span> => \"<span class=sf-dump-str title=\"10 characters\">is_primary</span>\"
    <span class=sf-dump-index>9</span> => \"<span class=sf-dump-str title=\"20 characters\">is_shipping_location</span>\"
  </samp>]
  #<span class=sf-dump-protected title=\"Protected property\">guarded</span>: <span class=sf-dump-note>array:1</span> [<samp data-depth=2 class=sf-dump-compact>
    <span class=sf-dump-index>0</span> => \"<span class=sf-dump-str>*</span>\"
  </samp>]
</samp>}
</pre><script>Sfdump(\"sf-dump-1452430407\", {\"maxDepth\":3,\"maxStringLength\":160})</script>
","component":"<pre class=sf-dump id=sf-dump-81037623 data-indent-pad=\"  \"><span class=sf-dump-note>Illuminate\\View\\AnonymousComponent</span> {<a class=sf-dump-ref>#4019</a><samp data-depth=1 class=sf-dump-expanded>
  #<span class=sf-dump-protected title=\"Protected property\">except</span>: []
  +<span class=sf-dump-public title=\"Public property\">componentName</span>: \"<span class=sf-dump-str title=\"10 characters\">core::card</span>\"
  +<span class=sf-dump-public title=\"Public property\">attributes</span>: <span class=\"sf-dump-note sf-dump-ellipsization\" title=\"Illuminate\\View\\ComponentAttributeBag
\"><span class=\"sf-dump-ellipsis sf-dump-ellipsis-note\">Illuminate\\View</span><span class=\"sf-dump-ellipsis sf-dump-ellipsis-note\">\\</span><span class=\"sf-dump-ellipsis-tail\">ComponentAttributeBag</span></span> {<a class=sf-dump-ref>#4010</a><samp data-depth=2 class=sf-dump-compact>
    #<span class=sf-dump-protected title=\"Protected property\">attributes</span>: <span class=sf-dump-note>array:1</span> [<samp data-depth=3 class=sf-dump-compact>
      \"<span class=sf-dump-key>class</span>\" => \"<span class=sf-dump-str title=\"4 characters\">mb-3</span>\"
    </samp>]
  </samp>}
  #<span class=sf-dump-protected title=\"Protected property\">view</span>: \"<span class=sf-dump-str title=\"44 characters\">8def1252668913628243c4d363bee1ef::card.index</span>\"
  #<span class=sf-dump-protected title=\"Protected property\">data</span>: <span class=sf-dump-note>array:1</span> [<samp data-depth=2 class=sf-dump-compact>
    \"<span class=sf-dump-key>class</span>\" => \"<span class=sf-dump-str title=\"4 characters\">mb-3</span>\"
  </samp>]
</samp>}
</pre><script>Sfdump(\"sf-dump-81037623\", {\"maxDepth\":3,\"maxStringLength\":160})</script>
","editProductRoute":"<pre class=sf-dump id=sf-dump-2000014183 data-indent-pad=\"  \">\"<span class=sf-dump-str title=\"13 characters\">products.edit</span>\"
</pre><script>Sfdump(\"sf-dump-2000014183\", {\"maxDepth\":3,\"maxStringLength\":160})</script>
","isInAdmin":"<pre class=sf-dump id=sf-dump-758602661 data-indent-pad=\"  \"><span class=sf-dump-const>true</span>
</pre><script>Sfdump(\"sf-dump-758602661\", {\"maxDepth\":3,\"maxStringLength\":160})</script>
"}},"userId":1,"exception":"[object] (Spatie\\LaravelIgnition\\Exceptions\\ViewException(code: 0): htmlspecialchars(): Argument #1 ($string) must be of type string, array given at C:\\laragon\\www\\acureva\\vendor\\laravel\\framework\\src\\Illuminate\\Support\\helpers.php:141)
[stacktrace]
#0 C:\\laragon\\www\\acureva\\vendor\\laravel\\framework\\src\\Illuminate\\Support\\helpers.php(141): htmlspecialchars(Array, 11, 'UTF-8', true)
#1 C:\\laragon\\www\\acureva\\platform\\plugins\\ecommerce\\resources\\views\\orders\\edit\\order-products.blade.php(37): e(Array)
#2 C:\\laragon\\www\\acureva\\vendor\\laravel\\framework\\src\\Illuminate\\Filesystem\\Filesystem.php(123): require('C:\\\\laragon\\\\www\\\\...')
#3 C:\\laragon\\www\\acureva\\vendor\\laravel\\framework\\src\\Illuminate\\Filesystem\\Filesystem.php(124): Illuminate\\Filesystem\\Filesystem::Illuminate\\Filesystem\\{closure}()
#4 C:\\laragon\\www\\acureva\\vendor\\laravel\\framework\\src\\Illuminate\\View\\Engines\\PhpEngine.php(57): Illuminate\\Filesystem\\Filesystem->getRequire('C:\\\\laragon\\\\www\\\\...', Array)
#5 C:\\laragon\\www\\acureva\\vendor\\laravel\\framework\\src\\Illuminate\\View\\Engines\\CompilerEngine.php(76): Illuminate\\View\\Engines\\PhpEngine->evaluatePath('C:\\\\laragon\\\\www\\\\...', Array)
#6 C:\\laragon\\www\\acureva\\vendor\\laravel\\framework\\src\\Illuminate\\View\\View.php(208): Illuminate\\View\\Engines\\CompilerEngine->get('C:\\\\laragon\\\\www\\\\...', Array)
#7 C:\\laragon\\www\\acureva\\platform\\packages\\shortcode\\src\\View\\View.php(50): Illuminate\\View\\View->getContents()
#8 C:\\laragon\\www\\acureva\\vendor\\laravel\\framework\\src\\Illuminate\\View\\View.php(160): Botble\\Shortcode\\View\\View->renderContents()
#9 C:\\laragon\\www\\acureva\\platform\\plugins\\ecommerce\\resources\\views\\orders\\edit.blade.php(14): Illuminate\\View\\View->render()
#10 C:\\laragon\\www\\acureva\\vendor\\laravel\\framework\\src\\Illuminate\\Filesystem\\Filesystem.php(123): require('C:\\\\laragon\\\\www\\\\...')
#11 C:\\laragon\\www\\acureva\\vendor\\laravel\\framework\\src\\Illuminate\\Filesystem\\Filesystem.php(124): Illuminate\\Filesystem\\Filesystem::Illuminate\\Filesystem\\{closure}()
#12 C:\\laragon\\www\\acureva\\vendor\\laravel\\framework\\src\\Illuminate\\View\\Engines\\PhpEngine.php(57): Illuminate\\Filesystem\\Filesystem->getRequire('C:\\\\laragon\\\\www\\\\...', Array)
#13 C:\\laragon\\www\\acureva\\vendor\\laravel\\framework\\src\\Illuminate\\View\\Engines\\CompilerEngine.php(76): Illuminate\\View\\Engines\\PhpEngine->evaluatePath('C:\\\\laragon\\\\www\\\\...', Array)
#14 C:\\laragon\\www\\acureva\\vendor\\laravel\\framework\\src\\Illuminate\\View\\View.php(208): Illuminate\\View\\Engines\\CompilerEngine->get('C:\\\\laragon\\\\www\\\\...', Array)
#15 C:\\laragon\\www\\acureva\\platform\\packages\\shortcode\\src\\View\\View.php(50): Illuminate\\View\\View->getContents()
#16 C:\\laragon\\www\\acureva\\vendor\\laravel\\framework\\src\\Illuminate\\View\\View.php(160): Botble\\Shortcode\\View\\View->renderContents()
#17 C:\\laragon\\www\\acureva\\vendor\\laravel\\framework\\src\\Illuminate\\Http\\Response.php(78): Illuminate\\View\\View->render()
#18 C:\\laragon\\www\\acureva\\vendor\\laravel\\framework\\src\\Illuminate\\Http\\Response.php(34): Illuminate\\Http\\Response->setContent(Object(Botble\\Shortcode\\View\\View))
#19 C:\\laragon\\www\\acureva\\vendor\\laravel\\framework\\src\\Illuminate\\Routing\\Router.php(925): Illuminate\\Http\\Response->__construct(Object(Botble\\Shortcode\\View\\View), 200, Array)
#20 C:\\laragon\\www\\acureva\\vendor\\laravel\\framework\\src\\Illuminate\\Routing\\Router.php(892): Illuminate\\Routing\\Router::toResponse(Object(Illuminate\\Http\\Request), Object(Botble\\Shortcode\\View\\View))
#21 C:\\laragon\\www\\acureva\\vendor\\laravel\\framework\\src\\Illuminate\\Routing\\Router.php(807): Illuminate\\Routing\\Router->prepareResponse(Object(Illuminate\\Http\\Request), Object(Botble\\Shortcode\\View\\View))
#22 C:\\laragon\\www\\acureva\\vendor\\laravel\\framework\\src\\Illuminate\\Pipeline\\Pipeline.php(169): Illuminate\\Routing\\Router->Illuminate\\Routing\\{closure}(Object(Illuminate\\Http\\Request))
#23 C:\\laragon\\www\\acureva\\platform\\core\\base\\src\\Http\\Middleware\\CoreMiddleware.php(17): Illuminate\\Pipeline\\Pipeline->Illuminate\\Pipeline\\{closure}(Object(Illuminate\\Http\\Request))
#24 C:\\laragon\\www\\acureva\\vendor\\laravel\\framework\\src\\Illuminate\\Pipeline\\Pipeline.php(169): Botble\\Base\\Http\\Middleware\\CoreMiddleware->Botble\\Base\\Http\\Middleware\\{closure}(Object(Illuminate\\Http\\Request))
#25 C:\\laragon\\www\\acureva\\platform\\core\\base\\src\\Http\\Middleware\\EnsureLicenseHasBeenActivated.php(25): Illuminate\\Pipeline\\Pipeline->Illuminate\\Pipeline\\{closure}(Object(Illuminate\\Http\\Request))
#26 C:\\laragon\\www\\acureva\\vendor\\laravel\\framework\\src\\Illuminate\\Pipeline\\Pipeline.php(208): Botble\\Base\\Http\\Middleware\\EnsureLicenseHasBeenActivated->handle(Object(Illuminate\\Http\\Request), Object(Closure))
#27 C:\\laragon\\www\\acureva\\vendor\\laravel\\framework\\src\\Illuminate\\Pipeline\\Pipeline.php(126): Illuminate\\Pipeline\\Pipeline->Illuminate\\Pipeline\\{closure}(Object(Illuminate\\Http\\Request))
#28 C:\\laragon\\www\\acureva\\platform\\core\\base\\src\\Http\\Middleware\\CoreMiddleware.php(16): Illuminate\\Pipeline\\Pipeline->then(Object(Closure))
#29 C:\\laragon\\www\\acureva\\vendor\\laravel\\framework\\src\\Illuminate\\Pipeline\\Pipeline.php(208): Botble\\Base\\Http\\Middleware\\CoreMiddleware->handle(Object(Illuminate\\Http\\Request), Object(Closure))
#30 C:\\laragon\\www\\acureva\\platform\\plugins\\ecommerce\\src\\Http\\Middleware\\TrackAbandonedCart.php(18): Illuminate\\Pipeline\\Pipeline->Illuminate\\Pipeline\\{closure}(Object(Illuminate\\Http\\Request))
#31 C:\\laragon\\www\\acureva\\vendor\\laravel\\framework\\src\\Illuminate\\Pipeline\\Pipeline.php(208): Botble\\Ecommerce\\Http\\Middleware\\TrackAbandonedCart->handle(Object(Illuminate\\Http\\Request), Object(Closure))
#32 C:\\laragon\\www\\acureva\\platform\\plugins\\ecommerce\\src\\Http\\Middleware\\CaptureCouponMiddleware.php(21): Illuminate\\Pipeline\\Pipeline->Illuminate\\Pipeline\\{closure}(Object(Illuminate\\Http\\Request))
#33 C:\\laragon\\www\\acureva\\vendor\\laravel\\framework\\src\\Illuminate\\Pipeline\\Pipeline.php(208): Botble\\Ecommerce\\Http\\Middleware\\CaptureCouponMiddleware->handle(Object(Illuminate\\Http\\Request), Object(Closure))
#34 C:\\laragon\\www\\acureva\\platform\\plugins\\ecommerce\\src\\Http\\Middleware\\CaptureFootprintsMiddleware.php(23): Illuminate\\Pipeline\\Pipeline->Illuminate\\Pipeline\\{closure}(Object(Illuminate\\Http\\Request))
#35 C:\\laragon\\www\\acureva\\vendor\\laravel\\framework\\src\\Illuminate\\Pipeline\\Pipeline.php(208): Botble\\Ecommerce\\Http\\Middleware\\CaptureFootprintsMiddleware->handle(Object(Illuminate\\Http\\Request), Object(Closure))
#36 C:\\laragon\\www\\acureva\\platform\\core\\base\\src\\Http\\Middleware\\HttpsProtocolMiddleware.php(16): Illuminate\\Pipeline\\Pipeline->Illuminate\\Pipeline\\{closure}(Object(Illuminate\\Http\\Request))
#37 C:\\laragon\\www\\acureva\\vendor\\laravel\\framework\\src\\Illuminate\\Pipeline\\Pipeline.php(208): Botble\\Base\\Http\\Middleware\\HttpsProtocolMiddleware->handle(Object(Illuminate\\Http\\Request), Object(Closure))
#38 C:\\laragon\\www\\acureva\\platform\\core\\base\\src\\Http\\Middleware\\AdminLocaleMiddleware.php(33): Illuminate\\Pipeline\\Pipeline->Illuminate\\Pipeline\\{closure}(Object(Illuminate\\Http\\Request))
#39 C:\\laragon\\www\\acureva\\vendor\\laravel\\framework\\src\\Illuminate\\Pipeline\\Pipeline.php(208): Botble\\Base\\Http\\Middleware\\AdminLocaleMiddleware->handle(Object(Illuminate\\Http\\Request), Object(Closure))
#40 C:\\laragon\\www\\acureva\\platform\\core\\base\\src\\Http\\Middleware\\LocaleMiddleware.php(23): Illuminate\\Pipeline\\Pipeline->Illuminate\\Pipeline\\{closure}(Object(Illuminate\\Http\\Request))
#41 C:\\laragon\\www\\acureva\\vendor\\laravel\\framework\\src\\Illuminate\\Pipeline\\Pipeline.php(208): Botble\\Base\\Http\\Middleware\\LocaleMiddleware->handle(Object(Illuminate\\Http\\Request), Object(Closure))
#42 C:\\laragon\\www\\acureva\\platform\\packages\\installer\\src\\Http\\Middleware\\RedirectIfNotInstalledMiddleware.php(17): Illuminate\\Pipeline\\Pipeline->Illuminate\\Pipeline\\{closure}(Object(Illuminate\\Http\\Request))
#43 C:\\laragon\\www\\acureva\\vendor\\laravel\\framework\\src\\Illuminate\\Pipeline\\Pipeline.php(208): Botble\\Installer\\Http\\Middleware\\RedirectIfNotInstalledMiddleware->handle(Object(Illuminate\\Http\\Request), Object(Closure))
#44 C:\\laragon\\www\\acureva\\vendor\\barryvdh\\laravel-debugbar\\src\\Middleware\\InjectDebugbar.php(59): Illuminate\\Pipeline\\Pipeline->Illuminate\\Pipeline\\{closure}(Object(Illuminate\\Http\\Request))
#45 C:\\laragon\\www\\acureva\\vendor\\laravel\\framework\\src\\Illuminate\\Pipeline\\Pipeline.php(208): Barryvdh\\Debugbar\\Middleware\\InjectDebugbar->handle(Object(Illuminate\\Http\\Request), Object(Closure))
#46 C:\\laragon\\www\\acureva\\vendor\\laravel\\framework\\src\\Illuminate\\Routing\\Middleware\\SubstituteBindings.php(50): Illuminate\\Pipeline\\Pipeline->Illuminate\\Pipeline\\{closure}(Object(Illuminate\\Http\\Request))
#47 C:\\laragon\\www\\acureva\\vendor\\laravel\\framework\\src\\Illuminate\\Pipeline\\Pipeline.php(208): Illuminate\\Routing\\Middleware\\SubstituteBindings->handle(Object(Illuminate\\Http\\Request), Object(Closure))
#48 C:\\laragon\\www\\acureva\\platform\\core\\acl\\src\\Http\\Middleware\\Authenticate.php(52): Illuminate\\Pipeline\\Pipeline->Illuminate\\Pipeline\\{closure}(Object(Illuminate\\Http\\Request))
#49 C:\\laragon\\www\\acureva\\vendor\\laravel\\framework\\src\\Illuminate\\Pipeline\\Pipeline.php(208): Botble\\ACL\\Http\\Middleware\\Authenticate->handle(Object(Illuminate\\Http\\Request), Object(Closure))
#50 C:\\laragon\\www\\acureva\\platform\\core\\support\\src\\Http\\Middleware\\BaseMiddleware.php(12): Illuminate\\Pipeline\\Pipeline->Illuminate\\Pipeline\\{closure}(Object(Illuminate\\Http\\Request))
#51 C:\\laragon\\www\\acureva\\vendor\\laravel\\framework\\src\\Illuminate\\Pipeline\\Pipeline.php(208): Botble\\Support\\Http\\Middleware\\BaseMiddleware->handle(Object(Illuminate\\Http\\Request), Object(Closure))
#52 C:\\laragon\\www\\acureva\\vendor\\laravel\\framework\\src\\Illuminate\\View\\Middleware\\ShareErrorsFromSession.php(48): Illuminate\\Pipeline\\Pipeline->Illuminate\\Pipeline\\{closure}(Object(Illuminate\\Http\\Request))
#53 C:\\laragon\\www\\acureva\\vendor\\laravel\\framework\\src\\Illuminate\\Pipeline\\Pipeline.php(208): Illuminate\\View\\Middleware\\ShareErrorsFromSession->handle(Object(Illuminate\\Http\\Request), Object(Closure))
#54 C:\\laragon\\www\\acureva\\vendor\\laravel\\framework\\src\\Illuminate\\Session\\Middleware\\StartSession.php(120): Illuminate\\Pipeline\\Pipeline->Illuminate\\Pipeline\\{closure}(Object(Illuminate\\Http\\Request))
#55 C:\\laragon\\www\\acureva\\vendor\\laravel\\framework\\src\\Illuminate\\Session\\Middleware\\StartSession.php(63): Illuminate\\Session\\Middleware\\StartSession->handleStatefulRequest(Object(Illuminate\\Http\\Request), Object(Illuminate\\Session\\Store), Object(Closure))
#56 C:\\laragon\\www\\acureva\\vendor\\laravel\\framework\\src\\Illuminate\\Pipeline\\Pipeline.php(208): Illuminate\\Session\\Middleware\\StartSession->handle(Object(Illuminate\\Http\\Request), Object(Closure))
#57 C:\\laragon\\www\\acureva\\vendor\\laravel\\framework\\src\\Illuminate\\Cookie\\Middleware\\AddQueuedCookiesToResponse.php(36): Illuminate\\Pipeline\\Pipeline->Illuminate\\Pipeline\\{closure}(Object(Illuminate\\Http\\Request))
#58 C:\\laragon\\www\\acureva\\vendor\\laravel\\framework\\src\\Illuminate\\Pipeline\\Pipeline.php(208): Illuminate\\Cookie\\Middleware\\AddQueuedCookiesToResponse->handle(Object(Illuminate\\Http\\Request), Object(Closure))
#59 C:\\laragon\\www\\acureva\\vendor\\laravel\\framework\\src\\Illuminate\\Cookie\\Middleware\\EncryptCookies.php(74): Illuminate\\Pipeline\\Pipeline->Illuminate\\Pipeline\\{closure}(Object(Illuminate\\Http\\Request))
#60 C:\\laragon\\www\\acureva\\vendor\\laravel\\framework\\src\\Illuminate\\Pipeline\\Pipeline.php(208): Illuminate\\Cookie\\Middleware\\EncryptCookies->handle(Object(Illuminate\\Http\\Request), Object(Closure))
#61 C:\\laragon\\www\\acureva\\vendor\\laravel\\framework\\src\\Illuminate\\Pipeline\\Pipeline.php(126): Illuminate\\Pipeline\\Pipeline->Illuminate\\Pipeline\\{closure}(Object(Illuminate\\Http\\Request))
#62 C:\\laragon\\www\\acureva\\vendor\\laravel\\framework\\src\\Illuminate\\Routing\\Router.php(807): Illuminate\\Pipeline\\Pipeline->then(Object(Closure))
#63 C:\\laragon\\www\\acureva\\vendor\\laravel\\framework\\src\\Illuminate\\Routing\\Router.php(786): Illuminate\\Routing\\Router->runRouteWithinStack(Object(Illuminate\\Routing\\Route), Object(Illuminate\\Http\\Request))
#64 C:\\laragon\\www\\acureva\\vendor\\laravel\\framework\\src\\Illuminate\\Routing\\Router.php(750): Illuminate\\Routing\\Router->runRoute(Object(Illuminate\\Http\\Request), Object(Illuminate\\Routing\\Route))
#65 C:\\laragon\\www\\acureva\\vendor\\laravel\\framework\\src\\Illuminate\\Routing\\Router.php(739): Illuminate\\Routing\\Router->dispatchToRoute(Object(Illuminate\\Http\\Request))
#66 C:\\laragon\\www\\acureva\\vendor\\laravel\\framework\\src\\Illuminate\\Foundation\\Http\\Kernel.php(200): Illuminate\\Routing\\Router->dispatch(Object(Illuminate\\Http\\Request))
#67 C:\\laragon\\www\\acureva\\vendor\\laravel\\framework\\src\\Illuminate\\Pipeline\\Pipeline.php(169): Illuminate\\Foundation\\Http\\Kernel->Illuminate\\Foundation\\Http\\{closure}(Object(Illuminate\\Http\\Request))
#68 C:\\laragon\\www\\acureva\\platform\\core\\js-validation\\src\\RemoteValidationMiddleware.php(43): Illuminate\\Pipeline\\Pipeline->Illuminate\\Pipeline\\{closure}(Object(Illuminate\\Http\\Request))
#69 C:\\laragon\\www\\acureva\\vendor\\laravel\\framework\\src\\Illuminate\\Pipeline\\Pipeline.php(208): Botble\\JsValidation\\RemoteValidationMiddleware->handle(Object(Illuminate\\Http\\Request), Object(Closure))
#70 C:\\laragon\\www\\acureva\\vendor\\barryvdh\\laravel-debugbar\\src\\Middleware\\InjectDebugbar.php(59): Illuminate\\Pipeline\\Pipeline->Illuminate\\Pipeline\\{closure}(Object(Illuminate\\Http\\Request))
#71 C:\\laragon\\www\\acureva\\vendor\\laravel\\framework\\src\\Illuminate\\Pipeline\\Pipeline.php(208): Barryvdh\\Debugbar\\Middleware\\InjectDebugbar->handle(Object(Illuminate\\Http\\Request), Object(Closure))
#72 C:\\laragon\\www\\acureva\\vendor\\laravel\\framework\\src\\Illuminate\\Foundation\\Http\\Middleware\\TransformsRequest.php(21): Illuminate\\Pipeline\\Pipeline->Illuminate\\Pipeline\\{closure}(Object(Illuminate\\Http\\Request))
#73 C:\\laragon\\www\\acureva\\vendor\\laravel\\framework\\src\\Illuminate\\Foundation\\Http\\Middleware\\ConvertEmptyStringsToNull.php(31): Illuminate\\Foundation\\Http\\Middleware\\TransformsRequest->handle(Object(Illuminate\\Http\\Request), Object(Closure))
#74 C:\\laragon\\www\\acureva\\vendor\\laravel\\framework\\src\\Illuminate\\Pipeline\\Pipeline.php(208): Illuminate\\Foundation\\Http\\Middleware\\ConvertEmptyStringsToNull->handle(Object(Illuminate\\Http\\Request), Object(Closure))
#75 C:\\laragon\\www\\acureva\\vendor\\laravel\\framework\\src\\Illuminate\\Foundation\\Http\\Middleware\\TransformsRequest.php(21): Illuminate\\Pipeline\\Pipeline->Illuminate\\Pipeline\\{closure}(Object(Illuminate\\Http\\Request))
#76 C:\\laragon\\www\\acureva\\vendor\\laravel\\framework\\src\\Illuminate\\Foundation\\Http\\Middleware\\TrimStrings.php(51): Illuminate\\Foundation\\Http\\Middleware\\TransformsRequest->handle(Object(Illuminate\\Http\\Request), Object(Closure))
#77 C:\\laragon\\www\\acureva\\vendor\\laravel\\framework\\src\\Illuminate\\Pipeline\\Pipeline.php(208): Illuminate\\Foundation\\Http\\Middleware\\TrimStrings->handle(Object(Illuminate\\Http\\Request), Object(Closure))
#78 C:\\laragon\\www\\acureva\\vendor\\laravel\\framework\\src\\Illuminate\\Http\\Middleware\\ValidatePostSize.php(27): Illuminate\\Pipeline\\Pipeline->Illuminate\\Pipeline\\{closure}(Object(Illuminate\\Http\\Request))
#79 C:\\laragon\\www\\acureva\\vendor\\laravel\\framework\\src\\Illuminate\\Pipeline\\Pipeline.php(208): Illuminate\\Http\\Middleware\\ValidatePostSize->handle(Object(Illuminate\\Http\\Request), Object(Closure))
#80 C:\\laragon\\www\\acureva\\vendor\\laravel\\framework\\src\\Illuminate\\Foundation\\Http\\Middleware\\PreventRequestsDuringMaintenance.php(109): Illuminate\\Pipeline\\Pipeline->Illuminate\\Pipeline\\{closure}(Object(Illuminate\\Http\\Request))
#81 C:\\laragon\\www\\acureva\\vendor\\laravel\\framework\\src\\Illuminate\\Pipeline\\Pipeline.php(208): Illuminate\\Foundation\\Http\\Middleware\\PreventRequestsDuringMaintenance->handle(Object(Illuminate\\Http\\Request), Object(Closure))
#82 C:\\laragon\\www\\acureva\\vendor\\laravel\\framework\\src\\Illuminate\\Http\\Middleware\\HandleCors.php(48): Illuminate\\Pipeline\\Pipeline->Illuminate\\Pipeline\\{closure}(Object(Illuminate\\Http\\Request))
#83 C:\\laragon\\www\\acureva\\vendor\\laravel\\framework\\src\\Illuminate\\Pipeline\\Pipeline.php(208): Illuminate\\Http\\Middleware\\HandleCors->handle(Object(Illuminate\\Http\\Request), Object(Closure))
#84 C:\\laragon\\www\\acureva\\vendor\\laravel\\framework\\src\\Illuminate\\Http\\Middleware\\TrustProxies.php(58): Illuminate\\Pipeline\\Pipeline->Illuminate\\Pipeline\\{closure}(Object(Illuminate\\Http\\Request))
#85 C:\\laragon\\www\\acureva\\vendor\\laravel\\framework\\src\\Illuminate\\Pipeline\\Pipeline.php(208): Illuminate\\Http\\Middleware\\TrustProxies->handle(Object(Illuminate\\Http\\Request), Object(Closure))
#86 C:\\laragon\\www\\acureva\\vendor\\laravel\\framework\\src\\Illuminate\\Foundation\\Http\\Middleware\\InvokeDeferredCallbacks.php(22): Illuminate\\Pipeline\\Pipeline->Illuminate\\Pipeline\\{closure}(Object(Illuminate\\Http\\Request))
#87 C:\\laragon\\www\\acureva\\vendor\\laravel\\framework\\src\\Illuminate\\Pipeline\\Pipeline.php(208): Illuminate\\Foundation\\Http\\Middleware\\InvokeDeferredCallbacks->handle(Object(Illuminate\\Http\\Request), Object(Closure))
#88 C:\\laragon\\www\\acureva\\vendor\\laravel\\framework\\src\\Illuminate\\Http\\Middleware\\ValidatePathEncoding.php(26): Illuminate\\Pipeline\\Pipeline->Illuminate\\Pipeline\\{closure}(Object(Illuminate\\Http\\Request))
#89 C:\\laragon\\www\\acureva\\vendor\\laravel\\framework\\src\\Illuminate\\Pipeline\\Pipeline.php(208): Illuminate\\Http\\Middleware\\ValidatePathEncoding->handle(Object(Illuminate\\Http\\Request), Object(Closure))
#90 C:\\laragon\\www\\acureva\\vendor\\laravel\\framework\\src\\Illuminate\\Pipeline\\Pipeline.php(126): Illuminate\\Pipeline\\Pipeline->Illuminate\\Pipeline\\{closure}(Object(Illuminate\\Http\\Request))
#91 C:\\laragon\\www\\acureva\\vendor\\laravel\\framework\\src\\Illuminate\\Foundation\\Http\\Kernel.php(175): Illuminate\\Pipeline\\Pipeline->then(Object(Closure))
#92 C:\\laragon\\www\\acureva\\vendor\\laravel\\framework\\src\\Illuminate\\Foundation\\Http\\Kernel.php(144): Illuminate\\Foundation\\Http\\Kernel->sendRequestThroughRouter(Object(Illuminate\\Http\\Request))
#93 C:\\laragon\\www\\acureva\\public\\index.php(23): Illuminate\\Foundation\\Http\\Kernel->handle(Object(Illuminate\\Http\\Request))
#94 {main}

[previous exception] [object] (TypeError(code: 0): htmlspecialchars(): Argument #1 ($string) must be of type string, array given at C:\\laragon\\www\\acureva\\vendor\\laravel\\framework\\src\\Illuminate\\Support\\helpers.php:141)
[stacktrace]
#0 C:\\laragon\\www\\acureva\\vendor\\laravel\\framework\\src\\Illuminate\\Support\\helpers.php(141): htmlspecialchars(Array, 11, 'UTF-8', true)
#1 C:\\laragon\\www\\acureva\\storage\\framework\\views\\5e35b6410a749f9c75eb00da7daf4bf8.php(92): e(Array)
#2 C:\\laragon\\www\\acureva\\vendor\\laravel\\framework\\src\\Illuminate\\Filesystem\\Filesystem.php(123): require('C:\\\\laragon\\\\www\\\\...')
#3 C:\\laragon\\www\\acureva\\vendor\\laravel\\framework\\src\\Illuminate\\Filesystem\\Filesystem.php(124): Illuminate\\Filesystem\\Filesystem::Illuminate\\Filesystem\\{closure}()
#4 C:\\laragon\\www\\acureva\\vendor\\laravel\\framework\\src\\Illuminate\\View\\Engines\\PhpEngine.php(57): Illuminate\\Filesystem\\Filesystem->getRequire('C:\\\\laragon\\\\www\\\\...', Array)
#5 C:\\laragon\\www\\acureva\\vendor\\laravel\\framework\\src\\Illuminate\\View\\Engines\\CompilerEngine.php(76): Illuminate\\View\\Engines\\PhpEngine->evaluatePath('C:\\\\laragon\\\\www\\\\...', Array)
#6 C:\\laragon\\www\\acureva\\vendor\\laravel\\framework\\src\\Illuminate\\View\\View.php(208): Illuminate\\View\\Engines\\CompilerEngine->get('C:\\\\laragon\\\\www\\\\...', Array)
#7 C:\\laragon\\www\\acureva\\platform\\packages\\shortcode\\src\\View\\View.php(50): Illuminate\\View\\View->getContents()
#8 C:\\laragon\\www\\acureva\\vendor\\laravel\\framework\\src\\Illuminate\\View\\View.php(160): Botble\\Shortcode\\View\\View->renderContents()
#9 C:\\laragon\\www\\acureva\\storage\\framework\\views\\4a95567738f2ff4e5e0165913af97ca5.php(25): Illuminate\\View\\View->render()
#10 C:\\laragon\\www\\acureva\\vendor\\laravel\\framework\\src\\Illuminate\\Filesystem\\Filesystem.php(123): require('C:\\\\laragon\\\\www\\\\...')
#11 C:\\laragon\\www\\acureva\\vendor\\laravel\\framework\\src\\Illuminate\\Filesystem\\Filesystem.php(124): Illuminate\\Filesystem\\Filesystem::Illuminate\\Filesystem\\{closure}()
#12 C:\\laragon\\www\\acureva\\vendor\\laravel\\framework\\src\\Illuminate\\View\\Engines\\PhpEngine.php(57): Illuminate\\Filesystem\\Filesystem->getRequire('C:\\\\laragon\\\\www\\\\...', Array)
#13 C:\\laragon\\www\\acureva\\vendor\\laravel\\framework\\src\\Illuminate\\View\\Engines\\CompilerEngine.php(76): Illuminate\\View\\Engines\\PhpEngine->evaluatePath('C:\\\\laragon\\\\www\\\\...', Array)
#14 C:\\laragon\\www\\acureva\\vendor\\laravel\\framework\\src\\Illuminate\\View\\View.php(208): Illuminate\\View\\Engines\\CompilerEngine->get('C:\\\\laragon\\\\www\\\\...', Array)
#15 C:\\laragon\\www\\acureva\\platform\\packages\\shortcode\\src\\View\\View.php(50): Illuminate\\View\\View->getContents()
#16 C:\\laragon\\www\\acureva\\vendor\\laravel\\framework\\src\\Illuminate\\View\\View.php(160): Botble\\Shortcode\\View\\View->renderContents()
#17 C:\\laragon\\www\\acureva\\vendor\\laravel\\framework\\src\\Illuminate\\Http\\Response.php(78): Illuminate\\View\\View->render()
#18 C:\\laragon\\www\\acureva\\vendor\\laravel\\framework\\src\\Illuminate\\Http\\Response.php(34): Illuminate\\Http\\Response->setContent(Object(Botble\\Shortcode\\View\\View))
#19 C:\\laragon\\www\\acureva\\vendor\\laravel\\framework\\src\\Illuminate\\Routing\\Router.php(925): Illuminate\\Http\\Response->__construct(Object(Botble\\Shortcode\\View\\View), 200, Array)
#20 C:\\laragon\\www\\acureva\\vendor\\laravel\\framework\\src\\Illuminate\\Routing\\Router.php(892): Illuminate\\Routing\\Router::toResponse(Object(Illuminate\\Http\\Request), Object(Botble\\Shortcode\\View\\View))
#21 C:\\laragon\\www\\acureva\\vendor\\laravel\\framework\\src\\Illuminate\\Routing\\Router.php(807): Illuminate\\Routing\\Router->prepareResponse(Object(Illuminate\\Http\\Request), Object(Botble\\Shortcode\\View\\View))
#22 C:\\laragon\\www\\acureva\\vendor\\laravel\\framework\\src\\Illuminate\\Pipeline\\Pipeline.php(169): Illuminate\\Routing\\Router->Illuminate\\Routing\\{closure}(Object(Illuminate\\Http\\Request))
#23 C:\\laragon\\www\\acureva\\platform\\core\\base\\src\\Http\\Middleware\\CoreMiddleware.php(17): Illuminate\\Pipeline\\Pipeline->Illuminate\\Pipeline\\{closure}(Object(Illuminate\\Http\\Request))
#24 C:\\laragon\\www\\acureva\\vendor\\laravel\\framework\\src\\Illuminate\\Pipeline\\Pipeline.php(169): Botble\\Base\\Http\\Middleware\\CoreMiddleware->Botble\\Base\\Http\\Middleware\\{closure}(Object(Illuminate\\Http\\Request))
#25 C:\\laragon\\www\\acureva\\platform\\core\\base\\src\\Http\\Middleware\\EnsureLicenseHasBeenActivated.php(25): Illuminate\\Pipeline\\Pipeline->Illuminate\\Pipeline\\{closure}(Object(Illuminate\\Http\\Request))
#26 C:\\laragon\\www\\acureva\\vendor\\laravel\\framework\\src\\Illuminate\\Pipeline\\Pipeline.php(208): Botble\\Base\\Http\\Middleware\\EnsureLicenseHasBeenActivated->handle(Object(Illuminate\\Http\\Request), Object(Closure))
#27 C:\\laragon\\www\\acureva\\vendor\\laravel\\framework\\src\\Illuminate\\Pipeline\\Pipeline.php(126): Illuminate\\Pipeline\\Pipeline->Illuminate\\Pipeline\\{closure}(Object(Illuminate\\Http\\Request))
#28 C:\\laragon\\www\\acureva\\platform\\core\\base\\src\\Http\\Middleware\\CoreMiddleware.php(16): Illuminate\\Pipeline\\Pipeline->then(Object(Closure))
#29 C:\\laragon\\www\\acureva\\vendor\\laravel\\framework\\src\\Illuminate\\Pipeline\\Pipeline.php(208): Botble\\Base\\Http\\Middleware\\CoreMiddleware->handle(Object(Illuminate\\Http\\Request), Object(Closure))
#30 C:\\laragon\\www\\acureva\\platform\\plugins\\ecommerce\\src\\Http\\Middleware\\TrackAbandonedCart.php(18): Illuminate\\Pipeline\\Pipeline->Illuminate\\Pipeline\\{closure}(Object(Illuminate\\Http\\Request))
#31 C:\\laragon\\www\\acureva\\vendor\\laravel\\framework\\src\\Illuminate\\Pipeline\\Pipeline.php(208): Botble\\Ecommerce\\Http\\Middleware\\TrackAbandonedCart->handle(Object(Illuminate\\Http\\Request), Object(Closure))
#32 C:\\laragon\\www\\acureva\\platform\\plugins\\ecommerce\\src\\Http\\Middleware\\CaptureCouponMiddleware.php(21): Illuminate\\Pipeline\\Pipeline->Illuminate\\Pipeline\\{closure}(Object(Illuminate\\Http\\Request))
#33 C:\\laragon\\www\\acureva\\vendor\\laravel\\framework\\src\\Illuminate\\Pipeline\\Pipeline.php(208): Botble\\Ecommerce\\Http\\Middleware\\CaptureCouponMiddleware->handle(Object(Illuminate\\Http\\Request), Object(Closure))
#34 C:\\laragon\\www\\acureva\\platform\\plugins\\ecommerce\\src\\Http\\Middleware\\CaptureFootprintsMiddleware.php(23): Illuminate\\Pipeline\\Pipeline->Illuminate\\Pipeline\\{closure}(Object(Illuminate\\Http\\Request))
#35 C:\\laragon\\www\\acureva\\vendor\\laravel\\framework\\src\\Illuminate\\Pipeline\\Pipeline.php(208): Botble\\Ecommerce\\Http\\Middleware\\CaptureFootprintsMiddleware->handle(Object(Illuminate\\Http\\Request), Object(Closure))
#36 C:\\laragon\\www\\acureva\\platform\\core\\base\\src\\Http\\Middleware\\HttpsProtocolMiddleware.php(16): Illuminate\\Pipeline\\Pipeline->Illuminate\\Pipeline\\{closure}(Object(Illuminate\\Http\\Request))
#37 C:\\laragon\\www\\acureva\\vendor\\laravel\\framework\\src\\Illuminate\\Pipeline\\Pipeline.php(208): Botble\\Base\\Http\\Middleware\\HttpsProtocolMiddleware->handle(Object(Illuminate\\Http\\Request), Object(Closure))
#38 C:\\laragon\\www\\acureva\\platform\\core\\base\\src\\Http\\Middleware\\AdminLocaleMiddleware.php(33): Illuminate\\Pipeline\\Pipeline->Illuminate\\Pipeline\\{closure}(Object(Illuminate\\Http\\Request))
#39 C:\\laragon\\www\\acureva\\vendor\\laravel\\framework\\src\\Illuminate\\Pipeline\\Pipeline.php(208): Botble\\Base\\Http\\Middleware\\AdminLocaleMiddleware->handle(Object(Illuminate\\Http\\Request), Object(Closure))
#40 C:\\laragon\\www\\acureva\\platform\\core\\base\\src\\Http\\Middleware\\LocaleMiddleware.php(23): Illuminate\\Pipeline\\Pipeline->Illuminate\\Pipeline\\{closure}(Object(Illuminate\\Http\\Request))
#41 C:\\laragon\\www\\acureva\\vendor\\laravel\\framework\\src\\Illuminate\\Pipeline\\Pipeline.php(208): Botble\\Base\\Http\\Middleware\\LocaleMiddleware->handle(Object(Illuminate\\Http\\Request), Object(Closure))
#42 C:\\laragon\\www\\acureva\\platform\\packages\\installer\\src\\Http\\Middleware\\RedirectIfNotInstalledMiddleware.php(17): Illuminate\\Pipeline\\Pipeline->Illuminate\\Pipeline\\{closure}(Object(Illuminate\\Http\\Request))
#43 C:\\laragon\\www\\acureva\\vendor\\laravel\\framework\\src\\Illuminate\\Pipeline\\Pipeline.php(208): Botble\\Installer\\Http\\Middleware\\RedirectIfNotInstalledMiddleware->handle(Object(Illuminate\\Http\\Request), Object(Closure))
#44 C:\\laragon\\www\\acureva\\vendor\\barryvdh\\laravel-debugbar\\src\\Middleware\\InjectDebugbar.php(59): Illuminate\\Pipeline\\Pipeline->Illuminate\\Pipeline\\{closure}(Object(Illuminate\\Http\\Request))
#45 C:\\laragon\\www\\acureva\\vendor\\laravel\\framework\\src\\Illuminate\\Pipeline\\Pipeline.php(208): Barryvdh\\Debugbar\\Middleware\\InjectDebugbar->handle(Object(Illuminate\\Http\\Request), Object(Closure))
#46 C:\\laragon\\www\\acureva\\vendor\\laravel\\framework\\src\\Illuminate\\Routing\\Middleware\\SubstituteBindings.php(50): Illuminate\\Pipeline\\Pipeline->Illuminate\\Pipeline\\{closure}(Object(Illuminate\\Http\\Request))
#47 C:\\laragon\\www\\acureva\\vendor\\laravel\\framework\\src\\Illuminate\\Pipeline\\Pipeline.php(208): Illuminate\\Routing\\Middleware\\SubstituteBindings->handle(Object(Illuminate\\Http\\Request), Object(Closure))
#48 C:\\laragon\\www\\acureva\\platform\\core\\acl\\src\\Http\\Middleware\\Authenticate.php(52): Illuminate\\Pipeline\\Pipeline->Illuminate\\Pipeline\\{closure}(Object(Illuminate\\Http\\Request))
#49 C:\\laragon\\www\\acureva\\vendor\\laravel\\framework\\src\\Illuminate\\Pipeline\\Pipeline.php(208): Botble\\ACL\\Http\\Middleware\\Authenticate->handle(Object(Illuminate\\Http\\Request), Object(Closure))
#50 C:\\laragon\\www\\acureva\\platform\\core\\support\\src\\Http\\Middleware\\BaseMiddleware.php(12): Illuminate\\Pipeline\\Pipeline->Illuminate\\Pipeline\\{closure}(Object(Illuminate\\Http\\Request))
#51 C:\\laragon\\www\\acureva\\vendor\\laravel\\framework\\src\\Illuminate\\Pipeline\\Pipeline.php(208): Botble\\Support\\Http\\Middleware\\BaseMiddleware->handle(Object(Illuminate\\Http\\Request), Object(Closure))
#52 C:\\laragon\\www\\acureva\\vendor\\laravel\\framework\\src\\Illuminate\\View\\Middleware\\ShareErrorsFromSession.php(48): Illuminate\\Pipeline\\Pipeline->Illuminate\\Pipeline\\{closure}(Object(Illuminate\\Http\\Request))
#53 C:\\laragon\\www\\acureva\\vendor\\laravel\\framework\\src\\Illuminate\\Pipeline\\Pipeline.php(208): Illuminate\\View\\Middleware\\ShareErrorsFromSession->handle(Object(Illuminate\\Http\\Request), Object(Closure))
#54 C:\\laragon\\www\\acureva\\vendor\\laravel\\framework\\src\\Illuminate\\Session\\Middleware\\StartSession.php(120): Illuminate\\Pipeline\\Pipeline->Illuminate\\Pipeline\\{closure}(Object(Illuminate\\Http\\Request))
#55 C:\\laragon\\www\\acureva\\vendor\\laravel\\framework\\src\\Illuminate\\Session\\Middleware\\StartSession.php(63): Illuminate\\Session\\Middleware\\StartSession->handleStatefulRequest(Object(Illuminate\\Http\\Request), Object(Illuminate\\Session\\Store), Object(Closure))
#56 C:\\laragon\\www\\acureva\\vendor\\laravel\\framework\\src\\Illuminate\\Pipeline\\Pipeline.php(208): Illuminate\\Session\\Middleware\\StartSession->handle(Object(Illuminate\\Http\\Request), Object(Closure))
#57 C:\\laragon\\www\\acureva\\vendor\\laravel\\framework\\src\\Illuminate\\Cookie\\Middleware\\AddQueuedCookiesToResponse.php(36): Illuminate\\Pipeline\\Pipeline->Illuminate\\Pipeline\\{closure}(Object(Illuminate\\Http\\Request))
#58 C:\\laragon\\www\\acureva\\vendor\\laravel\\framework\\src\\Illuminate\\Pipeline\\Pipeline.php(208): Illuminate\\Cookie\\Middleware\\AddQueuedCookiesToResponse->handle(Object(Illuminate\\Http\\Request), Object(Closure))
#59 C:\\laragon\\www\\acureva\\vendor\\laravel\\framework\\src\\Illuminate\\Cookie\\Middleware\\EncryptCookies.php(74): Illuminate\\Pipeline\\Pipeline->Illuminate\\Pipeline\\{closure}(Object(Illuminate\\Http\\Request))
#60 C:\\laragon\\www\\acureva\\vendor\\laravel\\framework\\src\\Illuminate\\Pipeline\\Pipeline.php(208): Illuminate\\Cookie\\Middleware\\EncryptCookies->handle(Object(Illuminate\\Http\\Request), Object(Closure))
#61 C:\\laragon\\www\\acureva\\vendor\\laravel\\framework\\src\\Illuminate\\Pipeline\\Pipeline.php(126): Illuminate\\Pipeline\\Pipeline->Illuminate\\Pipeline\\{closure}(Object(Illuminate\\Http\\Request))
#62 C:\\laragon\\www\\acureva\\vendor\\laravel\\framework\\src\\Illuminate\\Routing\\Router.php(807): Illuminate\\Pipeline\\Pipeline->then(Object(Closure))
#63 C:\\laragon\\www\\acureva\\vendor\\laravel\\framework\\src\\Illuminate\\Routing\\Router.php(786): Illuminate\\Routing\\Router->runRouteWithinStack(Object(Illuminate\\Routing\\Route), Object(Illuminate\\Http\\Request))
#64 C:\\laragon\\www\\acureva\\vendor\\laravel\\framework\\src\\Illuminate\\Routing\\Router.php(750): Illuminate\\Routing\\Router->runRoute(Object(Illuminate\\Http\\Request), Object(Illuminate\\Routing\\Route))
#65 C:\\laragon\\www\\acureva\\vendor\\laravel\\framework\\src\\Illuminate\\Routing\\Router.php(739): Illuminate\\Routing\\Router->dispatchToRoute(Object(Illuminate\\Http\\Request))
#66 C:\\laragon\\www\\acureva\\vendor\\laravel\\framework\\src\\Illuminate\\Foundation\\Http\\Kernel.php(200): Illuminate\\Routing\\Router->dispatch(Object(Illuminate\\Http\\Request))
#67 C:\\laragon\\www\\acureva\\vendor\\laravel\\framework\\src\\Illuminate\\Pipeline\\Pipeline.php(169): Illuminate\\Foundation\\Http\\Kernel->Illuminate\\Foundation\\Http\\{closure}(Object(Illuminate\\Http\\Request))
#68 C:\\laragon\\www\\acureva\\platform\\core\\js-validation\\src\\RemoteValidationMiddleware.php(43): Illuminate\\Pipeline\\Pipeline->Illuminate\\Pipeline\\{closure}(Object(Illuminate\\Http\\Request))
#69 C:\\laragon\\www\\acureva\\vendor\\laravel\\framework\\src\\Illuminate\\Pipeline\\Pipeline.php(208): Botble\\JsValidation\\RemoteValidationMiddleware->handle(Object(Illuminate\\Http\\Request), Object(Closure))
#70 C:\\laragon\\www\\acureva\\vendor\\barryvdh\\laravel-debugbar\\src\\Middleware\\InjectDebugbar.php(59): Illuminate\\Pipeline\\Pipeline->Illuminate\\Pipeline\\{closure}(Object(Illuminate\\Http\\Request))
#71 C:\\laragon\\www\\acureva\\vendor\\laravel\\framework\\src\\Illuminate\\Pipeline\\Pipeline.php(208): Barryvdh\\Debugbar\\Middleware\\InjectDebugbar->handle(Object(Illuminate\\Http\\Request), Object(Closure))
#72 C:\\laragon\\www\\acureva\\vendor\\laravel\\framework\\src\\Illuminate\\Foundation\\Http\\Middleware\\TransformsRequest.php(21): Illuminate\\Pipeline\\Pipeline->Illuminate\\Pipeline\\{closure}(Object(Illuminate\\Http\\Request))
#73 C:\\laragon\\www\\acureva\\vendor\\laravel\\framework\\src\\Illuminate\\Foundation\\Http\\Middleware\\ConvertEmptyStringsToNull.php(31): Illuminate\\Foundation\\Http\\Middleware\\TransformsRequest->handle(Object(Illuminate\\Http\\Request), Object(Closure))
#74 C:\\laragon\\www\\acureva\\vendor\\laravel\\framework\\src\\Illuminate\\Pipeline\\Pipeline.php(208): Illuminate\\Foundation\\Http\\Middleware\\ConvertEmptyStringsToNull->handle(Object(Illuminate\\Http\\Request), Object(Closure))
#75 C:\\laragon\\www\\acureva\\vendor\\laravel\\framework\\src\\Illuminate\\Foundation\\Http\\Middleware\\TransformsRequest.php(21): Illuminate\\Pipeline\\Pipeline->Illuminate\\Pipeline\\{closure}(Object(Illuminate\\Http\\Request))
#76 C:\\laragon\\www\\acureva\\vendor\\laravel\\framework\\src\\Illuminate\\Foundation\\Http\\Middleware\\TrimStrings.php(51): Illuminate\\Foundation\\Http\\Middleware\\TransformsRequest->handle(Object(Illuminate\\Http\\Request), Object(Closure))
#77 C:\\laragon\\www\\acureva\\vendor\\laravel\\framework\\src\\Illuminate\\Pipeline\\Pipeline.php(208): Illuminate\\Foundation\\Http\\Middleware\\TrimStrings->handle(Object(Illuminate\\Http\\Request), Object(Closure))
#78 C:\\laragon\\www\\acureva\\vendor\\laravel\\framework\\src\\Illuminate\\Http\\Middleware\\ValidatePostSize.php(27): Illuminate\\Pipeline\\Pipeline->Illuminate\\Pipeline\\{closure}(Object(Illuminate\\Http\\Request))
#79 C:\\laragon\\www\\acureva\\vendor\\laravel\\framework\\src\\Illuminate\\Pipeline\\Pipeline.php(208): Illuminate\\Http\\Middleware\\ValidatePostSize->handle(Object(Illuminate\\Http\\Request), Object(Closure))
#80 C:\\laragon\\www\\acureva\\vendor\\laravel\\framework\\src\\Illuminate\\Foundation\\Http\\Middleware\\PreventRequestsDuringMaintenance.php(109): Illuminate\\Pipeline\\Pipeline->Illuminate\\Pipeline\\{closure}(Object(Illuminate\\Http\\Request))
#81 C:\\laragon\\www\\acureva\\vendor\\laravel\\framework\\src\\Illuminate\\Pipeline\\Pipeline.php(208): Illuminate\\Foundation\\Http\\Middleware\\PreventRequestsDuringMaintenance->handle(Object(Illuminate\\Http\\Request), Object(Closure))
#82 C:\\laragon\\www\\acureva\\vendor\\laravel\\framework\\src\\Illuminate\\Http\\Middleware\\HandleCors.php(48): Illuminate\\Pipeline\\Pipeline->Illuminate\\Pipeline\\{closure}(Object(Illuminate\\Http\\Request))
#83 C:\\laragon\\www\\acureva\\vendor\\laravel\\framework\\src\\Illuminate\\Pipeline\\Pipeline.php(208): Illuminate\\Http\\Middleware\\HandleCors->handle(Object(Illuminate\\Http\\Request), Object(Closure))
#84 C:\\laragon\\www\\acureva\\vendor\\laravel\\framework\\src\\Illuminate\\Http\\Middleware\\TrustProxies.php(58): Illuminate\\Pipeline\\Pipeline->Illuminate\\Pipeline\\{closure}(Object(Illuminate\\Http\\Request))
#85 C:\\laragon\\www\\acureva\\vendor\\laravel\\framework\\src\\Illuminate\\Pipeline\\Pipeline.php(208): Illuminate\\Http\\Middleware\\TrustProxies->handle(Object(Illuminate\\Http\\Request), Object(Closure))
#86 C:\\laragon\\www\\acureva\\vendor\\laravel\\framework\\src\\Illuminate\\Foundation\\Http\\Middleware\\InvokeDeferredCallbacks.php(22): Illuminate\\Pipeline\\Pipeline->Illuminate\\Pipeline\\{closure}(Object(Illuminate\\Http\\Request))
#87 C:\\laragon\\www\\acureva\\vendor\\laravel\\framework\\src\\Illuminate\\Pipeline\\Pipeline.php(208): Illuminate\\Foundation\\Http\\Middleware\\InvokeDeferredCallbacks->handle(Object(Illuminate\\Http\\Request), Object(Closure))
#88 C:\\laragon\\www\\acureva\\vendor\\laravel\\framework\\src\\Illuminate\\Http\\Middleware\\ValidatePathEncoding.php(26): Illuminate\\Pipeline\\Pipeline->Illuminate\\Pipeline\\{closure}(Object(Illuminate\\Http\\Request))
#89 C:\\laragon\\www\\acureva\\vendor\\laravel\\framework\\src\\Illuminate\\Pipeline\\Pipeline.php(208): Illuminate\\Http\\Middleware\\ValidatePathEncoding->handle(Object(Illuminate\\Http\\Request), Object(Closure))
#90 C:\\laragon\\www\\acureva\\vendor\\laravel\\framework\\src\\Illuminate\\Pipeline\\Pipeline.php(126): Illuminate\\Pipeline\\Pipeline->Illuminate\\Pipeline\\{closure}(Object(Illuminate\\Http\\Request))
#91 C:\\laragon\\www\\acureva\\vendor\\laravel\\framework\\src\\Illuminate\\Foundation\\Http\\Kernel.php(175): Illuminate\\Pipeline\\Pipeline->then(Object(Closure))
#92 C:\\laragon\\www\\acureva\\vendor\\laravel\\framework\\src\\Illuminate\\Foundation\\Http\\Kernel.php(144): Illuminate\\Foundation\\Http\\Kernel->sendRequestThroughRouter(Object(Illuminate\\Http\\Request))
#93 C:\\laragon\\www\\acureva\\public\\index.php(23): Illuminate\\Foundation\\Http\\Kernel->handle(Object(Illuminate\\Http\\Request))
#94 {main}
"} 
