[2025-10-29 15:56:13] production.ERROR: Undefined variable $size {"userId":1,"exception":"[object] (ErrorException(code: 0): Undefined variable $size at C:\\laragon\\www\\wiseshop\\platform\\plugins\\ecommerce\\src\\Supports\\OrderHelper.php:653)
[stacktrace]
#0 C:\\laragon\\www\\wiseshop\\vendor\\laravel\\framework\\src\\Illuminate\\Foundation\\Bootstrap\\HandleExceptions.php(256): Illuminate\\Foundation\\Bootstrap\\HandleExceptions->handleError(2, 'Undefined varia...', 'C:\\\\laragon\\\\www\\\\...', 653)
#1 C:\\laragon\\www\\wiseshop\\platform\\plugins\\ecommerce\\src\\Supports\\OrderHelper.php(653): Illuminate\\Foundation\\Bootstrap\\HandleExceptions->Illuminate\\Foundation\\Bootstrap\\{closure}(2, 'Undefined varia...', 'C:\\\\laragon\\\\www\\\\...', 653)
#2 C:\\laragon\\www\\wiseshop\\vendor\\laravel\\framework\\src\\Illuminate\\Support\\Facades\\Facade.php(361): Botble\\Ecommerce\\Supports\\OrderHelper->handleAddCart(Object(Botble\\Ecommerce\\Models\\Product), Object(Botble\\Ecommerce\\Http\\Requests\\CartRequest))
#3 C:\\laragon\\www\\wiseshop\\platform\\plugins\\ecommerce\\src\\Http\\Controllers\\Fronts\\PublicCartController.php(206): Illuminate\\Support\\Facades\\Facade::__callStatic('handleAddCart', Array)
#4 C:\\laragon\\www\\wiseshop\\vendor\\laravel\\framework\\src\\Illuminate\\Routing\\Controller.php(54): Botble\\Ecommerce\\Http\\Controllers\\Fronts\\PublicCartController->store(Object(Botble\\Ecommerce\\Http\\Requests\\CartRequest))
#5 C:\\laragon\\www\\wiseshop\\vendor\\laravel\\framework\\src\\Illuminate\\Routing\\ControllerDispatcher.php(43): Illuminate\\Routing\\Controller->callAction('store', Array)
#6 C:\\laragon\\www\\wiseshop\\vendor\\laravel\\framework\\src\\Illuminate\\Routing\\Route.php(265): Illuminate\\Routing\\ControllerDispatcher->dispatch(Object(Illuminate\\Routing\\Route), Object(Botble\\Ecommerce\\Http\\Controllers\\Fronts\\PublicCartController), 'store')
#7 C:\\laragon\\www\\wiseshop\\vendor\\laravel\\framework\\src\\Illuminate\\Routing\\Route.php(211): Illuminate\\Routing\\Route->runController()
#8 C:\\laragon\\www\\wiseshop\\vendor\\laravel\\framework\\src\\Illuminate\\Routing\\Router.php(808): Illuminate\\Routing\\Route->run()
#9 C:\\laragon\\www\\wiseshop\\vendor\\laravel\\framework\\src\\Illuminate\\Pipeline\\Pipeline.php(169): Illuminate\\Routing\\Router->Illuminate\\Routing\\{closure}(Object(Illuminate\\Http\\Request))
#10 C:\\laragon\\www\\wiseshop\\platform\\plugins\\ecommerce\\src\\Http\\Middleware\\CheckCartEnabledMiddleware.php(15): Illuminate\\Pipeline\\Pipeline->Illuminate\\Pipeline\\{closure}(Object(Illuminate\\Http\\Request))
#11 C:\\laragon\\www\\wiseshop\\vendor\\laravel\\framework\\src\\Illuminate\\Pipeline\\Pipeline.php(208): Botble\\Ecommerce\\Http\\Middleware\\CheckCartEnabledMiddleware->handle(Object(Illuminate\\Http\\Request), Object(Closure))
#12 C:\\laragon\\www\\wiseshop\\platform\\plugins\\language\\src\\Http\\Middleware\\LocalizationRedirectFilter.php(53): Illuminate\\Pipeline\\Pipeline->Illuminate\\Pipeline\\{closure}(Object(Illuminate\\Http\\Request))
#13 C:\\laragon\\www\\wiseshop\\vendor\\laravel\\framework\\src\\Illuminate\\Pipeline\\Pipeline.php(208): Botble\\Language\\Http\\Middleware\\LocalizationRedirectFilter->handle(Object(Illuminate\\Http\\Request), Object(Closure))
#14 C:\\laragon\\www\\wiseshop\\platform\\plugins\\language\\src\\Http\\Middleware\\LocaleSessionRedirect.php(32): Illuminate\\Pipeline\\Pipeline->Illuminate\\Pipeline\\{closure}(Object(Illuminate\\Http\\Request))
#15 C:\\laragon\\www\\wiseshop\\vendor\\laravel\\framework\\src\\Illuminate\\Pipeline\\Pipeline.php(208): Botble\\Language\\Http\\Middleware\\LocaleSessionRedirect->handle(Object(Illuminate\\Http\\Request), Object(Closure))
#16 C:\\laragon\\www\\wiseshop\\platform\\core\\base\\src\\Http\\Middleware\\CoreMiddleware.php(17): Illuminate\\Pipeline\\Pipeline->Illuminate\\Pipeline\\{closure}(Object(Illuminate\\Http\\Request))
#17 C:\\laragon\\www\\wiseshop\\vendor\\laravel\\framework\\src\\Illuminate\\Pipeline\\Pipeline.php(169): Botble\\Base\\Http\\Middleware\\CoreMiddleware->Botble\\Base\\Http\\Middleware\\{closure}(Object(Illuminate\\Http\\Request))
#18 C:\\laragon\\www\\wiseshop\\platform\\core\\base\\src\\Http\\Middleware\\EnsureLicenseHasBeenActivated.php(25): Illuminate\\Pipeline\\Pipeline->Illuminate\\Pipeline\\{closure}(Object(Illuminate\\Http\\Request))
#19 C:\\laragon\\www\\wiseshop\\vendor\\laravel\\framework\\src\\Illuminate\\Pipeline\\Pipeline.php(208): Botble\\Base\\Http\\Middleware\\EnsureLicenseHasBeenActivated->handle(Object(Illuminate\\Http\\Request), Object(Closure))
#20 C:\\laragon\\www\\wiseshop\\vendor\\laravel\\framework\\src\\Illuminate\\Pipeline\\Pipeline.php(126): Illuminate\\Pipeline\\Pipeline->Illuminate\\Pipeline\\{closure}(Object(Illuminate\\Http\\Request))
#21 C:\\laragon\\www\\wiseshop\\platform\\core\\base\\src\\Http\\Middleware\\CoreMiddleware.php(16): Illuminate\\Pipeline\\Pipeline->then(Object(Closure))
#22 C:\\laragon\\www\\wiseshop\\vendor\\laravel\\framework\\src\\Illuminate\\Pipeline\\Pipeline.php(208): Botble\\Base\\Http\\Middleware\\CoreMiddleware->handle(Object(Illuminate\\Http\\Request), Object(Closure))
#23 C:\\laragon\\www\\wiseshop\\platform\\plugins\\ecommerce\\src\\Http\\Middleware\\TrackAbandonedCart.php(18): Illuminate\\Pipeline\\Pipeline->Illuminate\\Pipeline\\{closure}(Object(Illuminate\\Http\\Request))
#24 C:\\laragon\\www\\wiseshop\\vendor\\laravel\\framework\\src\\Illuminate\\Pipeline\\Pipeline.php(208): Botble\\Ecommerce\\Http\\Middleware\\TrackAbandonedCart->handle(Object(Illuminate\\Http\\Request), Object(Closure))
#25 C:\\laragon\\www\\wiseshop\\platform\\plugins\\ecommerce\\src\\Http\\Middleware\\CaptureCouponMiddleware.php(14): Illuminate\\Pipeline\\Pipeline->Illuminate\\Pipeline\\{closure}(Object(Illuminate\\Http\\Request))
#26 C:\\laragon\\www\\wiseshop\\vendor\\laravel\\framework\\src\\Illuminate\\Pipeline\\Pipeline.php(208): Botble\\Ecommerce\\Http\\Middleware\\CaptureCouponMiddleware->handle(Object(Illuminate\\Http\\Request), Object(Closure))
#27 C:\\laragon\\www\\wiseshop\\platform\\plugins\\ecommerce\\src\\Http\\Middleware\\CaptureFootprintsMiddleware.php(23): Illuminate\\Pipeline\\Pipeline->Illuminate\\Pipeline\\{closure}(Object(Illuminate\\Http\\Request))
#28 C:\\laragon\\www\\wiseshop\\vendor\\laravel\\framework\\src\\Illuminate\\Pipeline\\Pipeline.php(208): Botble\\Ecommerce\\Http\\Middleware\\CaptureFootprintsMiddleware->handle(Object(Illuminate\\Http\\Request), Object(Closure))
#29 C:\\laragon\\www\\wiseshop\\platform\\core\\base\\src\\Http\\Middleware\\HttpsProtocolMiddleware.php(16): Illuminate\\Pipeline\\Pipeline->Illuminate\\Pipeline\\{closure}(Object(Illuminate\\Http\\Request))
#30 C:\\laragon\\www\\wiseshop\\vendor\\laravel\\framework\\src\\Illuminate\\Pipeline\\Pipeline.php(208): Botble\\Base\\Http\\Middleware\\HttpsProtocolMiddleware->handle(Object(Illuminate\\Http\\Request), Object(Closure))
#31 C:\\laragon\\www\\wiseshop\\platform\\core\\base\\src\\Http\\Middleware\\AdminLocaleMiddleware.php(17): Illuminate\\Pipeline\\Pipeline->Illuminate\\Pipeline\\{closure}(Object(Illuminate\\Http\\Request))
#32 C:\\laragon\\www\\wiseshop\\vendor\\laravel\\framework\\src\\Illuminate\\Pipeline\\Pipeline.php(208): Botble\\Base\\Http\\Middleware\\AdminLocaleMiddleware->handle(Object(Illuminate\\Http\\Request), Object(Closure))
#33 C:\\laragon\\www\\wiseshop\\platform\\core\\base\\src\\Http\\Middleware\\LocaleMiddleware.php(29): Illuminate\\Pipeline\\Pipeline->Illuminate\\Pipeline\\{closure}(Object(Illuminate\\Http\\Request))
#34 C:\\laragon\\www\\wiseshop\\vendor\\laravel\\framework\\src\\Illuminate\\Pipeline\\Pipeline.php(208): Botble\\Base\\Http\\Middleware\\LocaleMiddleware->handle(Object(Illuminate\\Http\\Request), Object(Closure))
#35 C:\\laragon\\www\\wiseshop\\platform\\packages\\installer\\src\\Http\\Middleware\\RedirectIfNotInstalledMiddleware.php(17): Illuminate\\Pipeline\\Pipeline->Illuminate\\Pipeline\\{closure}(Object(Illuminate\\Http\\Request))
#36 C:\\laragon\\www\\wiseshop\\vendor\\laravel\\framework\\src\\Illuminate\\Pipeline\\Pipeline.php(208): Botble\\Installer\\Http\\Middleware\\RedirectIfNotInstalledMiddleware->handle(Object(Illuminate\\Http\\Request), Object(Closure))
#37 C:\\laragon\\www\\wiseshop\\vendor\\barryvdh\\laravel-debugbar\\src\\Middleware\\InjectDebugbar.php(59): Illuminate\\Pipeline\\Pipeline->Illuminate\\Pipeline\\{closure}(Object(Illuminate\\Http\\Request))
#38 C:\\laragon\\www\\wiseshop\\vendor\\laravel\\framework\\src\\Illuminate\\Pipeline\\Pipeline.php(208): Barryvdh\\Debugbar\\Middleware\\InjectDebugbar->handle(Object(Illuminate\\Http\\Request), Object(Closure))
#39 C:\\laragon\\www\\wiseshop\\vendor\\laravel\\framework\\src\\Illuminate\\Routing\\Middleware\\SubstituteBindings.php(50): Illuminate\\Pipeline\\Pipeline->Illuminate\\Pipeline\\{closure}(Object(Illuminate\\Http\\Request))
#40 C:\\laragon\\www\\wiseshop\\vendor\\laravel\\framework\\src\\Illuminate\\Pipeline\\Pipeline.php(208): Illuminate\\Routing\\Middleware\\SubstituteBindings->handle(Object(Illuminate\\Http\\Request), Object(Closure))
#41 C:\\laragon\\www\\wiseshop\\vendor\\laravel\\framework\\src\\Illuminate\\Foundation\\Http\\Middleware\\VerifyCsrfToken.php(87): Illuminate\\Pipeline\\Pipeline->Illuminate\\Pipeline\\{closure}(Object(Illuminate\\Http\\Request))
#42 C:\\laragon\\www\\wiseshop\\vendor\\laravel\\framework\\src\\Illuminate\\Pipeline\\Pipeline.php(208): Illuminate\\Foundation\\Http\\Middleware\\VerifyCsrfToken->handle(Object(Illuminate\\Http\\Request), Object(Closure))
#43 C:\\laragon\\www\\wiseshop\\vendor\\laravel\\framework\\src\\Illuminate\\View\\Middleware\\ShareErrorsFromSession.php(48): Illuminate\\Pipeline\\Pipeline->Illuminate\\Pipeline\\{closure}(Object(Illuminate\\Http\\Request))
#44 C:\\laragon\\www\\wiseshop\\vendor\\laravel\\framework\\src\\Illuminate\\Pipeline\\Pipeline.php(208): Illuminate\\View\\Middleware\\ShareErrorsFromSession->handle(Object(Illuminate\\Http\\Request), Object(Closure))
#45 C:\\laragon\\www\\wiseshop\\vendor\\laravel\\framework\\src\\Illuminate\\Session\\Middleware\\StartSession.php(120): Illuminate\\Pipeline\\Pipeline->Illuminate\\Pipeline\\{closure}(Object(Illuminate\\Http\\Request))
#46 C:\\laragon\\www\\wiseshop\\vendor\\laravel\\framework\\src\\Illuminate\\Session\\Middleware\\StartSession.php(63): Illuminate\\Session\\Middleware\\StartSession->handleStatefulRequest(Object(Illuminate\\Http\\Request), Object(Illuminate\\Session\\Store), Object(Closure))
#47 C:\\laragon\\www\\wiseshop\\vendor\\laravel\\framework\\src\\Illuminate\\Pipeline\\Pipeline.php(208): Illuminate\\Session\\Middleware\\StartSession->handle(Object(Illuminate\\Http\\Request), Object(Closure))
#48 C:\\laragon\\www\\wiseshop\\vendor\\laravel\\framework\\src\\Illuminate\\Cookie\\Middleware\\AddQueuedCookiesToResponse.php(36): Illuminate\\Pipeline\\Pipeline->Illuminate\\Pipeline\\{closure}(Object(Illuminate\\Http\\Request))
#49 C:\\laragon\\www\\wiseshop\\vendor\\laravel\\framework\\src\\Illuminate\\Pipeline\\Pipeline.php(208): Illuminate\\Cookie\\Middleware\\AddQueuedCookiesToResponse->handle(Object(Illuminate\\Http\\Request), Object(Closure))
#50 C:\\laragon\\www\\wiseshop\\vendor\\laravel\\framework\\src\\Illuminate\\Cookie\\Middleware\\EncryptCookies.php(74): Illuminate\\Pipeline\\Pipeline->Illuminate\\Pipeline\\{closure}(Object(Illuminate\\Http\\Request))
#51 C:\\laragon\\www\\wiseshop\\vendor\\laravel\\framework\\src\\Illuminate\\Pipeline\\Pipeline.php(208): Illuminate\\Cookie\\Middleware\\EncryptCookies->handle(Object(Illuminate\\Http\\Request), Object(Closure))
#52 C:\\laragon\\www\\wiseshop\\vendor\\laravel\\framework\\src\\Illuminate\\Pipeline\\Pipeline.php(126): Illuminate\\Pipeline\\Pipeline->Illuminate\\Pipeline\\{closure}(Object(Illuminate\\Http\\Request))
#53 C:\\laragon\\www\\wiseshop\\vendor\\laravel\\framework\\src\\Illuminate\\Routing\\Router.php(807): Illuminate\\Pipeline\\Pipeline->then(Object(Closure))
#54 C:\\laragon\\www\\wiseshop\\vendor\\laravel\\framework\\src\\Illuminate\\Routing\\Router.php(786): Illuminate\\Routing\\Router->runRouteWithinStack(Object(Illuminate\\Routing\\Route), Object(Illuminate\\Http\\Request))
#55 C:\\laragon\\www\\wiseshop\\vendor\\laravel\\framework\\src\\Illuminate\\Routing\\Router.php(750): Illuminate\\Routing\\Router->runRoute(Object(Illuminate\\Http\\Request), Object(Illuminate\\Routing\\Route))
#56 C:\\laragon\\www\\wiseshop\\vendor\\laravel\\framework\\src\\Illuminate\\Routing\\Router.php(739): Illuminate\\Routing\\Router->dispatchToRoute(Object(Illuminate\\Http\\Request))
#57 C:\\laragon\\www\\wiseshop\\vendor\\laravel\\framework\\src\\Illuminate\\Foundation\\Http\\Kernel.php(200): Illuminate\\Routing\\Router->dispatch(Object(Illuminate\\Http\\Request))
#58 C:\\laragon\\www\\wiseshop\\vendor\\laravel\\framework\\src\\Illuminate\\Pipeline\\Pipeline.php(169): Illuminate\\Foundation\\Http\\Kernel->Illuminate\\Foundation\\Http\\{closure}(Object(Illuminate\\Http\\Request))
#59 C:\\laragon\\www\\wiseshop\\platform\\core\\js-validation\\src\\RemoteValidationMiddleware.php(43): Illuminate\\Pipeline\\Pipeline->Illuminate\\Pipeline\\{closure}(Object(Illuminate\\Http\\Request))
#60 C:\\laragon\\www\\wiseshop\\vendor\\laravel\\framework\\src\\Illuminate\\Pipeline\\Pipeline.php(208): Botble\\JsValidation\\RemoteValidationMiddleware->handle(Object(Illuminate\\Http\\Request), Object(Closure))
#61 C:\\laragon\\www\\wiseshop\\vendor\\barryvdh\\laravel-debugbar\\src\\Middleware\\InjectDebugbar.php(59): Illuminate\\Pipeline\\Pipeline->Illuminate\\Pipeline\\{closure}(Object(Illuminate\\Http\\Request))
#62 C:\\laragon\\www\\wiseshop\\vendor\\laravel\\framework\\src\\Illuminate\\Pipeline\\Pipeline.php(208): Barryvdh\\Debugbar\\Middleware\\InjectDebugbar->handle(Object(Illuminate\\Http\\Request), Object(Closure))
#63 C:\\laragon\\www\\wiseshop\\vendor\\laravel\\framework\\src\\Illuminate\\Foundation\\Http\\Middleware\\TransformsRequest.php(21): Illuminate\\Pipeline\\Pipeline->Illuminate\\Pipeline\\{closure}(Object(Illuminate\\Http\\Request))
#64 C:\\laragon\\www\\wiseshop\\vendor\\laravel\\framework\\src\\Illuminate\\Foundation\\Http\\Middleware\\ConvertEmptyStringsToNull.php(31): Illuminate\\Foundation\\Http\\Middleware\\TransformsRequest->handle(Object(Illuminate\\Http\\Request), Object(Closure))
#65 C:\\laragon\\www\\wiseshop\\vendor\\laravel\\framework\\src\\Illuminate\\Pipeline\\Pipeline.php(208): Illuminate\\Foundation\\Http\\Middleware\\ConvertEmptyStringsToNull->handle(Object(Illuminate\\Http\\Request), Object(Closure))
#66 C:\\laragon\\www\\wiseshop\\vendor\\laravel\\framework\\src\\Illuminate\\Foundation\\Http\\Middleware\\TransformsRequest.php(21): Illuminate\\Pipeline\\Pipeline->Illuminate\\Pipeline\\{closure}(Object(Illuminate\\Http\\Request))
#67 C:\\laragon\\www\\wiseshop\\vendor\\laravel\\framework\\src\\Illuminate\\Foundation\\Http\\Middleware\\TrimStrings.php(51): Illuminate\\Foundation\\Http\\Middleware\\TransformsRequest->handle(Object(Illuminate\\Http\\Request), Object(Closure))
#68 C:\\laragon\\www\\wiseshop\\vendor\\laravel\\framework\\src\\Illuminate\\Pipeline\\Pipeline.php(208): Illuminate\\Foundation\\Http\\Middleware\\TrimStrings->handle(Object(Illuminate\\Http\\Request), Object(Closure))
#69 C:\\laragon\\www\\wiseshop\\vendor\\laravel\\framework\\src\\Illuminate\\Http\\Middleware\\ValidatePostSize.php(27): Illuminate\\Pipeline\\Pipeline->Illuminate\\Pipeline\\{closure}(Object(Illuminate\\Http\\Request))
#70 C:\\laragon\\www\\wiseshop\\vendor\\laravel\\framework\\src\\Illuminate\\Pipeline\\Pipeline.php(208): Illuminate\\Http\\Middleware\\ValidatePostSize->handle(Object(Illuminate\\Http\\Request), Object(Closure))
#71 C:\\laragon\\www\\wiseshop\\vendor\\laravel\\framework\\src\\Illuminate\\Foundation\\Http\\Middleware\\PreventRequestsDuringMaintenance.php(109): Illuminate\\Pipeline\\Pipeline->Illuminate\\Pipeline\\{closure}(Object(Illuminate\\Http\\Request))
#72 C:\\laragon\\www\\wiseshop\\vendor\\laravel\\framework\\src\\Illuminate\\Pipeline\\Pipeline.php(208): Illuminate\\Foundation\\Http\\Middleware\\PreventRequestsDuringMaintenance->handle(Object(Illuminate\\Http\\Request), Object(Closure))
#73 C:\\laragon\\www\\wiseshop\\vendor\\laravel\\framework\\src\\Illuminate\\Http\\Middleware\\HandleCors.php(48): Illuminate\\Pipeline\\Pipeline->Illuminate\\Pipeline\\{closure}(Object(Illuminate\\Http\\Request))
#74 C:\\laragon\\www\\wiseshop\\vendor\\laravel\\framework\\src\\Illuminate\\Pipeline\\Pipeline.php(208): Illuminate\\Http\\Middleware\\HandleCors->handle(Object(Illuminate\\Http\\Request), Object(Closure))
#75 C:\\laragon\\www\\wiseshop\\vendor\\laravel\\framework\\src\\Illuminate\\Http\\Middleware\\TrustProxies.php(58): Illuminate\\Pipeline\\Pipeline->Illuminate\\Pipeline\\{closure}(Object(Illuminate\\Http\\Request))
#76 C:\\laragon\\www\\wiseshop\\vendor\\laravel\\framework\\src\\Illuminate\\Pipeline\\Pipeline.php(208): Illuminate\\Http\\Middleware\\TrustProxies->handle(Object(Illuminate\\Http\\Request), Object(Closure))
#77 C:\\laragon\\www\\wiseshop\\vendor\\laravel\\framework\\src\\Illuminate\\Foundation\\Http\\Middleware\\InvokeDeferredCallbacks.php(22): Illuminate\\Pipeline\\Pipeline->Illuminate\\Pipeline\\{closure}(Object(Illuminate\\Http\\Request))
#78 C:\\laragon\\www\\wiseshop\\vendor\\laravel\\framework\\src\\Illuminate\\Pipeline\\Pipeline.php(208): Illuminate\\Foundation\\Http\\Middleware\\InvokeDeferredCallbacks->handle(Object(Illuminate\\Http\\Request), Object(Closure))
#79 C:\\laragon\\www\\wiseshop\\vendor\\laravel\\framework\\src\\Illuminate\\Http\\Middleware\\ValidatePathEncoding.php(26): Illuminate\\Pipeline\\Pipeline->Illuminate\\Pipeline\\{closure}(Object(Illuminate\\Http\\Request))
#80 C:\\laragon\\www\\wiseshop\\vendor\\laravel\\framework\\src\\Illuminate\\Pipeline\\Pipeline.php(208): Illuminate\\Http\\Middleware\\ValidatePathEncoding->handle(Object(Illuminate\\Http\\Request), Object(Closure))
#81 C:\\laragon\\www\\wiseshop\\vendor\\laravel\\framework\\src\\Illuminate\\Pipeline\\Pipeline.php(126): Illuminate\\Pipeline\\Pipeline->Illuminate\\Pipeline\\{closure}(Object(Illuminate\\Http\\Request))
#82 C:\\laragon\\www\\wiseshop\\vendor\\laravel\\framework\\src\\Illuminate\\Foundation\\Http\\Kernel.php(175): Illuminate\\Pipeline\\Pipeline->then(Object(Closure))
#83 C:\\laragon\\www\\wiseshop\\vendor\\laravel\\framework\\src\\Illuminate\\Foundation\\Http\\Kernel.php(144): Illuminate\\Foundation\\Http\\Kernel->sendRequestThroughRouter(Object(Illuminate\\Http\\Request))
#84 C:\\laragon\\www\\wiseshop\\public\\index.php(23): Illuminate\\Foundation\\Http\\Kernel->handle(Object(Illuminate\\Http\\Request))
#85 {main}
"} 
